============================================================
  Generated by:           Genus(TM) Synthesis Solution 21.14-s082_1
  Generated on:           Sep 10 2024  11:08:12 pm
  Module:                 ibex_core
  Library domain:         gpdk045_wc_hi_lib
    Domain index:         0
    Technology libraries: slow_vdd1v2 1.0
                          slow_vdd1v2_extvdd1v2 $Revision: 1.1 $
                          slow_vdd1v2_extvdd1v0 $Revision: 1.1 $
                          slow_vdd1v0_extvdd1v2 $Revision: 1.1 $
  Library domain:         gpdk045_wc_lo_lib
    Domain index:         1
    Technology libraries: slow_vdd1v0 1.0
                          slow_vdd1v0_extvdd1v0 $Revision: 1.1 $
                          slow_vdd1v0_extvdd1v2 $Revision: 1.1 $
  Library domain:         gpdk045_bc_hi_lib
    Domain index:         2
    Technology libraries: fast_vdd1v2 1.0
                          fast_vdd1v2_extvdd1v2 $Revision: 1.1 $
                          fast_vdd1v2_extvdd1v0 $Revision: 1.1 $
                          fast_vdd1v0_extvdd1v2 $Revision: 1.1 $
  Library domain:         gpdk045_bc_lo_lib
    Domain index:         3
    Technology libraries: fast_vdd1v0 1.0
                          fast_vdd1v0_extvdd1v0 $Revision: 1.1 $
                          fast_vdd1v0_extvdd1v2 $Revision: 1.1 $
  Operating conditions:   PVT_1P08V_125C (balanced_tree)
  Operating conditions:   PVT_0P9V_125C (balanced_tree)
  Operating conditions:   PVT_1P32V_0C (balanced_tree)
  Operating conditions:   PVT_1P1V_0C (balanced_tree)
  Wireload mode:          enclosed
  Area mode:              timing library
============================================================

                                                 Library 
    Gate     Instances    Area        Library     Domain 
---------------------------------------------------------
ADDFX1             152    779.760    slow_vdd1v2       0 
ADDHX1              10     37.620    slow_vdd1v2       0 
AND2X1              38     51.984    slow_vdd1v2       0 
AND2X4               1      2.736    slow_vdd1v2       0 
AND2XL             144    196.992    slow_vdd1v2       0 
AND3XL              11     22.572    slow_vdd1v2       0 
AND4X1               2      4.788    slow_vdd1v2       0 
AND4XL               2      4.788    slow_vdd1v2       0 
AO21X1               6     14.364    slow_vdd1v2       0 
AO21X2               1      2.736    slow_vdd1v2       0 
AO21XL              16     38.304    slow_vdd1v2       0 
AO22X2               3      9.234    slow_vdd1v2       0 
AO22X4               1      3.762    slow_vdd1v2       0 
AO22XL              26     71.136    slow_vdd1v2       0 
AOI211X1             5     11.970    slow_vdd1v2       0 
AOI211X2             5     17.100    slow_vdd1v2       0 
AOI211XL            27     55.404    slow_vdd1v2       0 
AOI21X1             89    152.190    slow_vdd1v2       0 
AOI21X2              2      5.472    slow_vdd1v2       0 
AOI21X4              1      5.130    slow_vdd1v2       0 
AOI21XL             41     70.110    slow_vdd1v2       0 
AOI221X1           227    543.438    slow_vdd1v2       0 
AOI221X2             1      4.446    slow_vdd1v2       0 
AOI222X1           160    492.480    slow_vdd1v2       0 
AOI222X2             2     10.944    slow_vdd1v2       0 
AOI22X1            366    751.032    slow_vdd1v2       0 
AOI22XL            250    513.000    slow_vdd1v2       0 
AOI2BB1X1           57    116.964    slow_vdd1v2       0 
AOI2BB1XL           81    166.212    slow_vdd1v2       0 
AOI31X1             11     22.572    slow_vdd1v2       0 
AOI32X1             30     71.820    slow_vdd1v2       0 
AOI33XL              2      4.788    slow_vdd1v2       0 
BMXIX2               1      7.524    slow_vdd1v2       0 
BUFX2               69    117.990    slow_vdd1v2       0 
BUFX3                1      2.052    slow_vdd1v2       0 
CLKAND2X2            5     10.260    slow_vdd1v2       0 
CLKAND2X3            1      3.078    slow_vdd1v2       0 
CLKAND2X6            1      4.788    slow_vdd1v2       0 
CLKBUFX2             2      3.420    slow_vdd1v2       0 
CLKINVX2             4      5.472    slow_vdd1v2       0 
CLKINVX3             1      1.710    slow_vdd1v2       0 
CLKINVX4             2      3.420    slow_vdd1v2       0 
CLKMX2X3             3     12.312    slow_vdd1v2       0 
CLKXOR2X1            2      5.472    slow_vdd1v2       0 
CLKXOR2X2            1      3.420    slow_vdd1v2       0 
DFFHQX1            171    935.712    slow_vdd1v2       0 
DFFHQX8              1      9.234    slow_vdd1v2       0 
DFFQX2               6     38.988    slow_vdd1v2       0 
DFFQXL              24    131.328    slow_vdd1v2       0 
DFFRHQX1           495   3047.220    slow_vdd1v2       0 
DFFRHQX4             1      9.576    slow_vdd1v2       0 
DFFRX1              14     95.760    slow_vdd1v2       0 
DFFRX2               2     15.048    slow_vdd1v2       0 
DFFSHQX1             5     32.490    slow_vdd1v2       0 
DFFSX1               1      7.524    slow_vdd1v2       0 
DFFX1                6     43.092    slow_vdd1v2       0 
DFFX2                1      8.208    slow_vdd1v2       0 
INVX1              503    344.052    slow_vdd1v2       0 
INVX2               33     33.858    slow_vdd1v2       0 
INVXL              357    244.188    slow_vdd1v2       0 
MX2X1               26     62.244    slow_vdd1v2       0 
MX2XL               67    160.398    slow_vdd1v2       0 
MXI2X1               1      2.736    slow_vdd1v2       0 
MXI2XL              27     64.638    slow_vdd1v2       0 
NAND2BX1            89    121.752    slow_vdd1v2       0 
NAND2BX2             7     16.758    slow_vdd1v2       0 
NAND2BX4             2      7.524    slow_vdd1v2       0 
NAND2BXL            39     53.352    slow_vdd1v2       0 
NAND2X1            411    421.686    slow_vdd1v2       0 
NAND2X2             14     23.940    slow_vdd1v2       0 
NAND2X4              5     15.732    slow_vdd1v2       0 
NAND2XL            264    270.864    slow_vdd1v2       0 
NAND3BX1             3      6.156    slow_vdd1v2       0 
NAND3BXL            57     97.470    slow_vdd1v2       0 
NAND3X1             18     30.780    slow_vdd1v2       0 
NAND3XL              5      8.550    slow_vdd1v2       0 
NAND4BX1            14     33.516    slow_vdd1v2       0 
NAND4BX2             1      4.446    slow_vdd1v2       0 
NAND4BXL             2      4.788    slow_vdd1v2       0 
NAND4X1              1      2.052    slow_vdd1v2       0 
NAND4X2              1      3.762    slow_vdd1v2       0 
NAND4XL             74    126.540    slow_vdd1v2       0 
NOR2BX1            179    244.872    slow_vdd1v2       0 
NOR2BX2              6     16.416    slow_vdd1v2       0 
NOR2X1             248    254.448    slow_vdd1v2       0 
NOR2X2              21     35.910    slow_vdd1v2       0 
NOR2X4               5     15.390    slow_vdd1v2       0 
NOR2X6               1      4.104    slow_vdd1v2       0 
NOR2XL             158    162.108    slow_vdd1v2       0 
NOR3BX1             11     22.572    slow_vdd1v2       0 
NOR3BX4              1      5.814    slow_vdd1v2       0 
NOR3BXL              9     18.468    slow_vdd1v2       0 
NOR3X1              34     58.140    slow_vdd1v2       0 
NOR3X2               2      5.472    slow_vdd1v2       0 
NOR3XL              11     18.810    slow_vdd1v2       0 
NOR4BBX1             3      8.208    slow_vdd1v2       0 
NOR4BBX2             1      5.130    slow_vdd1v2       0 
NOR4BX1              7     16.758    slow_vdd1v2       0 
NOR4X1              16     27.360    slow_vdd1v2       0 
NOR4X2               1      3.420    slow_vdd1v2       0 
NOR4X4               2     12.996    slow_vdd1v2       0 
OA21X1              75    153.900    slow_vdd1v2       0 
OA22X1              35     83.790    slow_vdd1v2       0 
OAI211X1           147    251.370    slow_vdd1v2       0 
OAI211X2             2      8.208    slow_vdd1v2       0 
OAI21X1             91    155.610    slow_vdd1v2       0 
OAI21X2              4     12.312    slow_vdd1v2       0 
OAI21X4              1      4.788    slow_vdd1v2       0 
OAI21XL            105    179.550    slow_vdd1v2       0 
OAI221X1            75    179.550    slow_vdd1v2       0 
OAI221X2             1      4.788    slow_vdd1v2       0 
OAI222X1            40    109.440    slow_vdd1v2       0 
OAI222XL             4     10.944    slow_vdd1v2       0 
OAI22X1            158    324.216    slow_vdd1v2       0 
OAI22XL            117    240.084    slow_vdd1v2       0 
OAI2BB1X1          391    668.610    slow_vdd1v2       0 
OAI2BB1X2            2      6.156    slow_vdd1v2       0 
OAI31X1             13     26.676    slow_vdd1v2       0 
OAI32X1              5     11.970    slow_vdd1v2       0 
OR2X1               40     54.720    slow_vdd1v2       0 
OR2X2                2      3.420    slow_vdd1v2       0 
OR2X4                2      5.472    slow_vdd1v2       0 
OR2XL               60     82.080    slow_vdd1v2       0 
OR3X1                5     10.260    slow_vdd1v2       0 
OR3X2                2      4.788    slow_vdd1v2       0 
OR3XL                3      6.156    slow_vdd1v2       0 
OR4X1               14     28.728    slow_vdd1v2       0 
SDFFQX1             64    481.536    slow_vdd1v2       0 
SDFFRHQX1          174   1428.192    slow_vdd1v2       0 
TLATNTSCAX2         34    220.932    slow_vdd1v2       0 
TLATNXL             34    186.048    slow_vdd1v2       0 
XNOR2X1            128    306.432    slow_vdd1v2       0 
XNOR2X2              2      6.156    slow_vdd1v2       0 
XOR2XL               6     16.416    slow_vdd1v2       0 
---------------------------------------------------------
total             7163  17182.422                


                                                        
            Type             Instances    Area   Area % 
--------------------------------------------------------
sequential                         999  6469.956   37.7 
inverter                           900   632.700    3.7 
buffer                              72   123.462    0.7 
clock_gating_integrated_cell        34   220.932    1.3 
logic                             5158  9735.372   56.7 
physical_cells                       0     0.000    0.0 
--------------------------------------------------------
total                             7163 17182.422  100.0 

