\o Program:		@(#)$CDS: libManager version 6.1.6 - CAT33 07/09/2015 16:04 (sjfnl733) $
\o Sub version:		sub-version  s018 
\o Arguments:		-unmapped -mpssession virtuoso12237 -mpshost groo 
\o Working Directory:	groo:/imec/other/idesa/DevelopmentDirs/julien/ADPIF/Library_GPDK045/misc/CDS
\o 64-bit offsets
\o Qt version: 		4.7.2
\o changeWorkingDir("/imec/other/idesa/DevelopmentDirs/julien/ADPIF/Library_GPDK045/misc/CDS") unnecessary.
\o ddSetForcedLib("") unnecessary.
\o Log file is "/imec/other/idesa/DevelopmentDirs/julien/ADPIF/Library_GPDK045/misc/CDS/libManager.log".
\o Opening libManager window.
\a nrSetWindowVisibility(cdsLibManager "show")
\o MPS service: map window
\a nrSetCurrentWindow(cdsLibManager)
\o Library Manager customization server connected.
\a nrResizeWindow(cdsLibManager list(1592 121 1600 955))
\a cdsLibManager->libListBox->value = "gsclib045"
\a cdsLibManager->libLineEdit->value = "gsclib045"
\a cdsLibManager->cellListBox->value = "AND2XL"
\a nrListItemAction(cdsLibManager->cellListBox 18 0)
\o MPS request: edit design
\a cdsLibManager->cellLineEdit->value = "AND2XL"
\a cdsLibManager->libListBox->value = nil
\a cdsLibManager->cellListBox->value = nil
\a cdsLibManager->cellLineEdit->value = ""
\a cdsLibManager->libLineEdit->value = ""
\a cdsLibManager->libListBox->value = "gsclib045"
\a cdsLibManager->libLineEdit->value = "gsclib045"
\a cdsLibManager->cellListBox->value = "AND2XL"
\a cdsLibManager->cellLineEdit->value = "AND2XL"
\a nrSetCurrentWindow(cdsLibManager)
\a cdsLibManager->viewListBox->value = "schematic"
\a cdsLibManager->viewLineEdit->value = "schematic"
\a lmgrLogShowPopup("mainListPopup2" 42 68 2 "schematic")
\a cdsLibManager->FileOpenROButton->value = t
\o MPS request: open design readonly
\a cdsLibManager->libListBox->value = nil
\a cdsLibManager->cellListBox->value = nil
\a cdsLibManager->viewLineEdit->value = ""
\a cdsLibManager->viewListBox->value = nil
\a cdsLibManager->cellLineEdit->value = ""
\a cdsLibManager->libLineEdit->value = ""
\a cdsLibManager->libListBox->value = "gsclib045"
\a cdsLibManager->libLineEdit->value = "gsclib045"
\a cdsLibManager->cellListBox->value = "AND2XL"
\a cdsLibManager->cellLineEdit->value = "AND2XL"
\a cdsLibManager->viewListBox->value = "schematic"
\a cdsLibManager->viewLineEdit->value = "schematic"
\a cdsLibManager->viewLineEdit->value = ""
\a cdsLibManager->viewListBox->value = nil
\a cdsLibManager->viewListBox->value = "schematic"
\a cdsLibManager->viewLineEdit->value = "schematic"
\a nrSetCurrentWindow(cdsLibManager)
\a cdsLibManager->viewLineEdit->value = ""
\a cdsLibManager->viewListBox->value = nil
\a cdsLibManager->cellListBox->value = "HSWX1"
\a cdsLibManager->viewListBox->value = "schematic"
\a cdsLibManager->viewLineEdit->value = "schematic"
\a cdsLibManager->cellLineEdit->value = "HSWX1"
\a cdsLibManager->viewListBox->value = "symbol"
\a cdsLibManager->viewLineEdit->value = "symbol"
\a lmgrLogShowPopup("mainListPopup2" 50 12 2 "symbol")
\a cdsLibManager->FileOpenROButton->value = t
\o MPS request: open design readonly
\a nrSetCurrentWindow(cdsLibManager)
\a cdsLibManager->viewListBox->value = "schematic"
\a cdsLibManager->viewLineEdit->value = "schematic"
\a cdsLibManager->viewListBox->value = "layout"
\a cdsLibManager->viewLineEdit->value = "layout"
\a cdsLibManager->viewListBox->value = "functional"
\a cdsLibManager->viewLineEdit->value = "functional"
\a cdsLibManager->viewListBox->value = "extracted"
\a cdsLibManager->viewLineEdit->value = "extracted"
\a cdsLibManager->viewListBox->value = "constraint"
\a cdsLibManager->viewLineEdit->value = "constraint"
\a cdsLibManager->viewListBox->value = "abstract"
\a cdsLibManager->viewLineEdit->value = "abstract"
\a cdsLibManager->viewListBox->value = "constraint"
\a cdsLibManager->viewLineEdit->value = "constraint"
\a cdsLibManager->viewListBox->value = "layout"
\a cdsLibManager->viewLineEdit->value = "layout"
\a cdsLibManager->viewListBox->value = "schematic"
\a cdsLibManager->viewLineEdit->value = "schematic"
\a lmgrLogShowPopup("mainListPopup2" 45 25 2 "schematic")
\a cdsLibManager->FileOpenROButton->value = t
\o MPS request: open design readonly
\a nrSetCurrentWindow(cdsLibManager)
\a cdsLibManager->cellListBox->value = "HSWNX1"
\a cdsLibManager->viewLineEdit->value = ""
\a cdsLibManager->viewListBox->value = nil
\a cdsLibManager->viewListBox->value = "schematic"
\a cdsLibManager->viewLineEdit->value = "schematic"
\a cdsLibManager->cellLineEdit->value = "HSWNX1"
\a lmgrLogShowPopup("mainListPopup2" 50 23 2 "schematic")
\a cdsLibManager->FileOpenROButton->value = t
\o MPS request: open design readonly
\a nrSetCurrentWindow(cdsLibManager)
\a nrSetCurrentWindow(cdsLibManager)
\a nrSetCurrentWindow(cdsLibManager)
\a nrSetCurrentWindow(cdsLibManager)
\a nrSetCurrentWindow(cdsLibManager)
\a nrSetCurrentWindow(cdsLibManager)
\a cdsLibManager->cellListBox->value = "HSWDX1"
\a cdsLibManager->viewLineEdit->value = ""
\a cdsLibManager->viewListBox->value = nil
\a cdsLibManager->viewListBox->value = "schematic"
\a cdsLibManager->viewLineEdit->value = "schematic"
\a cdsLibManager->cellLineEdit->value = "HSWDX1"
\a lmgrLogShowPopup("mainListPopup2" 66 22 2 "schematic")
\a cdsLibManager->FileOpenROButton->value = t
\o MPS request: open design readonly
\a nrSetCurrentWindow(cdsLibManager)
\a nrSetCurrentWindow(cdsLibManager)
\a cdsLibManager->cellListBox->value = "HSWX1"
\a cdsLibManager->viewLineEdit->value = ""
\a cdsLibManager->viewListBox->value = nil
\a cdsLibManager->viewListBox->value = "schematic"
\a cdsLibManager->viewLineEdit->value = "schematic"
\a cdsLibManager->cellLineEdit->value = "HSWX1"
\a nrSetCurrentWindow(cdsLibManager)
\a nrSetCurrentWindow(cdsLibManager)
\a lmgrLogShowPopup("mainListPopup2" 40 24 2 "schematic")
\a cdsLibManager->FileOpenROButton->value = t
\o MPS request: open design readonly
\a nrSetCurrentWindow(cdsLibManager)
\a nrSetCurrentWindow(cdsLibManager)
\a nrSetCurrentWindow(cdsLibManager)
\a nrSetCurrentWindow(cdsLibManager)
\a nrSetCurrentWindow(cdsLibManager)
\a cdsLibManager->cellListBox->value = "LSHL_ISOH_X1_FROM_OFF"
\a cdsLibManager->viewLineEdit->value = ""
\a cdsLibManager->viewListBox->value = nil
\a cdsLibManager->viewListBox->value = "schematic"
\a cdsLibManager->viewLineEdit->value = "schematic"
\a cdsLibManager->cellListBox->value = "LSHLX1_TO"
\a cdsLibManager->viewLineEdit->value = ""
\a cdsLibManager->viewListBox->value = nil
\a cdsLibManager->viewListBox->value = "schematic"
\a cdsLibManager->viewLineEdit->value = "schematic"
\a cdsLibManager->cellListBox->value = "LSHLX1_FROM"
\a cdsLibManager->viewLineEdit->value = ""
\a cdsLibManager->viewListBox->value = nil
\a cdsLibManager->viewListBox->value = "schematic"
\a cdsLibManager->viewLineEdit->value = "schematic"
\a cdsLibManager->cellListBox->value = "LSHL_ISOH_X1_FROM_OFF"
\a cdsLibManager->viewLineEdit->value = ""
\a cdsLibManager->viewListBox->value = nil
\a cdsLibManager->viewListBox->value = "schematic"
\a cdsLibManager->viewLineEdit->value = "schematic"
\a cdsLibManager->cellListBox->value = "LSHL_ISOL_X1_TO_ON"
\a cdsLibManager->viewLineEdit->value = ""
\a cdsLibManager->viewListBox->value = nil
\a cdsLibManager->viewListBox->value = "schematic"
\a cdsLibManager->viewLineEdit->value = "schematic"
\a cdsLibManager->cellListBox->value = "LSLHX1_TO"
\a cdsLibManager->viewLineEdit->value = ""
\a cdsLibManager->viewListBox->value = nil
\a cdsLibManager->viewListBox->value = "schematic"
\a cdsLibManager->viewLineEdit->value = "schematic"
\a cdsLibManager->cellListBox->value = "LSLHX1_FROM"
\a cdsLibManager->viewLineEdit->value = ""
\a cdsLibManager->viewListBox->value = nil
\a cdsLibManager->viewListBox->value = "schematic"
\a cdsLibManager->viewLineEdit->value = "schematic"
\a cdsLibManager->cellListBox->value = "LSLHX1_TO"
\a cdsLibManager->viewLineEdit->value = ""
\a cdsLibManager->viewListBox->value = nil
\a cdsLibManager->viewListBox->value = "schematic"
\a cdsLibManager->viewLineEdit->value = "schematic"
\a cdsLibManager->cellListBox->value = "LSHL_ISONL_X1_TO_ON"
\a cdsLibManager->viewLineEdit->value = ""
\a cdsLibManager->viewListBox->value = nil
\a cdsLibManager->viewListBox->value = "schematic"
\a cdsLibManager->viewLineEdit->value = "schematic"
\a cdsLibManager->cellListBox->value = "ISOLX1_OFF"
\a cdsLibManager->viewLineEdit->value = ""
\a cdsLibManager->viewListBox->value = nil
\a cdsLibManager->viewListBox->value = "schematic"
\a cdsLibManager->viewLineEdit->value = "schematic"
\a cdsLibManager->cellListBox->value = "ISOLX1_ON"
\a cdsLibManager->viewLineEdit->value = ""
\a cdsLibManager->viewListBox->value = nil
\a cdsLibManager->viewListBox->value = "schematic"
\a cdsLibManager->viewLineEdit->value = "schematic"
\a cdsLibManager->cellListBox->value = "ISOLX1_OFF"
\a cdsLibManager->viewLineEdit->value = ""
\a cdsLibManager->viewListBox->value = nil
\a cdsLibManager->viewListBox->value = "schematic"
\a cdsLibManager->viewLineEdit->value = "schematic"
\a cdsLibManager->cellListBox->value = "ISOLX1_ON"
\a cdsLibManager->viewLineEdit->value = ""
\a cdsLibManager->viewListBox->value = nil
\a cdsLibManager->viewListBox->value = "schematic"
\a cdsLibManager->viewLineEdit->value = "schematic"
\a cdsLibManager->cellListBox->value = "ISOLX1_OFF"
\a cdsLibManager->viewLineEdit->value = ""
\a cdsLibManager->viewListBox->value = nil
\a cdsLibManager->viewListBox->value = "schematic"
\a cdsLibManager->viewLineEdit->value = "schematic"
\a cdsLibManager->cellLineEdit->value = "ISOLX1_OFF"
\a lmgrLogShowPopup("mainListPopup2" 56 24 2 "schematic")
\a cdsLibManager->FileOpenROButton->value = t
\o MPS request: open design readonly
\a nrSetCurrentWindow(cdsLibManager)
\a cdsLibManager->cellListBox->value = "ISOLX1_ON"
\a cdsLibManager->viewLineEdit->value = ""
\a cdsLibManager->viewListBox->value = nil
\a cdsLibManager->viewListBox->value = "schematic"
\a cdsLibManager->viewLineEdit->value = "schematic"
\a cdsLibManager->cellLineEdit->value = "ISOLX1_ON"
\a lmgrLogShowPopup("mainListPopup2" 78 22 2 "schematic")
\a cdsLibManager->FileOpenROButton->value = t
\o MPS request: open design readonly
\a nrSetCurrentWindow(cdsLibManager)
\a nrSetCurrentWindow(cdsLibManager)
\a cdsLibManager->cellListBox->value = "HSWX1"
\a cdsLibManager->viewLineEdit->value = ""
\a cdsLibManager->viewListBox->value = nil
\a cdsLibManager->viewListBox->value = "schematic"
\a cdsLibManager->viewLineEdit->value = "schematic"
\a cdsLibManager->cellLineEdit->value = "HSWX1"
\a lmgrLogShowPopup("mainListPopup2" 50 18 2 "schematic")
\a cdsLibManager->FileOpenROButton->value = t
\o MPS request: open design readonly
\a nrSetCurrentWindow(cdsLibManager)
\a nrSetCurrentWindow(cdsLibManager)
\a nrSetCurrentWindow(cdsLibManager)
\a nrSetCurrentWindow(cdsLibManager)
\a nrSetCurrentWindow(cdsLibManager)
\a cdsLibManager->viewLineEdit->value = ""
\a cdsLibManager->viewListBox->value = nil
\a cdsLibManager->cellListBox->value = nil
\a cdsLibManager->cellLineEdit->value = "AL"
\a nrSetCurrentWindow(cdsLibManager)
\a cdsLibManager->libListBox->value = "gsclib045_tech"
\a cdsLibManager->cellLineEdit->value = ""
\a cdsLibManager->libListBox->value = "gpdk045"
\a cdsLibManager->libListBox->value = "gsclib045"
\a cdsLibManager->libLineEdit->value = "gsclib045"
\a nrSetCurrentWindow(cdsLibManager)
\a cdsLibManager->cellLineEdit->value = "PB"
\a cdsLibManager->cellListBox->value = "PBUFX2"
\a cdsLibManager->viewListBox->value = "schematic"
\a cdsLibManager->viewLineEdit->value = "schematic"
\o MPS request: edit design
\a cdsLibManager->cellLineEdit->value = "PBUFX2"
\a nrSetCurrentWindow(cdsLibManager)
\a nrSetCurrentWindow(cdsLibManager)
\a lmgrLogShowPopup("mainListPopup2" 38 23 2 "schematic")
\a cdsLibManager->FileOpenROButton->value = t
\o MPS request: open design readonly
\a nrSetCurrentWindow(cdsLibManager)
\a nrSetCurrentWindow(cdsLibManager)
\a nrSetCurrentWindow(cdsLibManager)
\a nrSetCurrentWindow(cdsLibManager)
\a nrSetCurrentWindow(cdsLibManager)
\a nrSetCurrentWindow(cdsLibManager)
\a nrSetCurrentWindow(cdsLibManager)
\a nrSetCurrentWindow(cdsLibManager)
\a cdsLibManager->viewLineEdit->value = ""
\a cdsLibManager->viewListBox->value = nil
\a cdsLibManager->cellListBox->value = "SRDFFNQX1"
\a cdsLibManager->viewListBox->value = "schematic"
\a cdsLibManager->viewLineEdit->value = "schematic"
\a cdsLibManager->cellLineEdit->value = "SRDFFNQX1"
\a lmgrLogShowPopup("mainListPopup2" 35 24 2 "schematic")
\a cdsLibManager->FileOpenROButton->value = t
\o MPS request: open design readonly
\a nrSetCurrentWindow(cdsLibManager)
\a cdsLibManager->cellListBox->value = nil
\a cdsLibManager->viewLineEdit->value = ""
\a cdsLibManager->viewListBox->value = nil
\a cdsLibManager->cellLineEdit->value = "DFFNQX1"
\a cdsLibManager->cellLineEdit->value = "DFFNQX1"
\a nrSetCurrentWindow(cdsLibManager)
\a nrSetCurrentWindow(cdsLibManager)
\a cdsLibManager->cellLineEdit->value = "DFF"
\a cdsLibManager->cellListBox->value = "DFF2RX1"
\a cdsLibManager->viewListBox->value = "schematic"
\a cdsLibManager->viewLineEdit->value = "schematic"
\o MPS request: edit design
\a cdsLibManager->cellLineEdit->value = "DFF2RX1"
\a nrSetCurrentWindow(cdsLibManager)
\a cdsLibManager->viewLineEdit->value = ""
\a cdsLibManager->viewListBox->value = nil
\a cdsLibManager->cellListBox->value = "RDFFNQX1"
\a cdsLibManager->viewListBox->value = "schematic"
\a cdsLibManager->viewLineEdit->value = "schematic"
\a cdsLibManager->cellLineEdit->value = "RDFFNQX1"
\a lmgrLogShowPopup("mainListPopup2" 33 22 2 "schematic")
\a cdsLibManager->FileOpenROButton->value = t
\o MPS request: open design readonly
\a nrSetCurrentWindow(cdsLibManager)
\a nrSetCurrentWindow(cdsLibManager)
\a cdsLibManager->viewLineEdit->value = ""
\a cdsLibManager->viewListBox->value = nil
\a lmgrLogShowPopup("mainListPopup1" 34 243 2 "RDFFNQX1")
\a cdsLibManager->viewListBox->value = "symbol"
\a cdsLibManager->viewLineEdit->value = "symbol"
\a cdsLibManager->viewListBox->value = "schematic"
\a cdsLibManager->viewLineEdit->value = "schematic"
\a lmgrLogShowPopup("mainListPopup2" 45 22 2 "schematic")
\a cdsLibManager->FileOpenROButton->value = t
\o MPS request: open design readonly
\a nrSetCurrentWindow(cdsLibManager)
\a cdsLibManager->cellListBox->value = "RDFFRX1"
\a cdsLibManager->viewLineEdit->value = ""
\a cdsLibManager->viewListBox->value = nil
\a cdsLibManager->viewListBox->value = "schematic"
\a cdsLibManager->viewLineEdit->value = "schematic"
\a cdsLibManager->viewLineEdit->value = ""
\a cdsLibManager->viewListBox->value = nil
\a lmgrLogShowPopup("mainListPopup1" 14 391 2 "RDFFRX1")
\a cdsLibManager->cellLineEdit->value = "RDFFRX1"
\a cdsLibManager->viewListBox->value = "schematic"
\a cdsLibManager->viewLineEdit->value = "schematic"
\a lmgrLogShowPopup("mainListPopup2" 56 20 2 "schematic")
\a cdsLibManager->FileOpenROButton->value = t
\o MPS request: open design readonly
\a nrSetCurrentWindow(cdsLibManager)
\a cdsLibManager->cellListBox->value = "RDFFX1"
\a cdsLibManager->viewLineEdit->value = ""
\a cdsLibManager->viewListBox->value = nil
\a cdsLibManager->viewListBox->value = "schematic"
\a cdsLibManager->viewLineEdit->value = "schematic"
\a cdsLibManager->cellLineEdit->value = "RDFFX1"
\a lmgrLogShowPopup("mainListPopup2" 43 22 2 "schematic")
\a cdsLibManager->FileOpenROButton->value = t
\o MPS request: open design readonly
\a nrSetCurrentWindow(cdsLibManager)
\a cdsLibManager->viewListBox->value = "symbol"
\a cdsLibManager->viewLineEdit->value = "symbol"
\a lmgrLogShowPopup("mainListPopup2" 39 8 2 "symbol")
\a cdsLibManager->FileOpenROButton->value = t
\o MPS request: open design readonly
\a nrSetCurrentWindow(cdsLibManager)
\a nrSetCurrentWindow(cdsLibManager)
\a nrSetCurrentWindow(cdsLibManager)
\a nrSetCurrentWindow(cdsLibManager)
\a nrSetCurrentWindow(cdsLibManager)
\a nrSetCurrentWindow(cdsLibManager)
\a nrSetCurrentWindow(cdsLibManager)
\a nrSetCurrentWindow(cdsLibManager)
\a nrSetCurrentWindow(cdsLibManager)
\a nrSetCurrentWindow(cdsLibManager)
\a nrSetCurrentWindow(cdsLibManager)
\a cdsLibManager->cellListBox->value = "Makefile"
\a cdsLibManager->viewLineEdit->value = ""
\a cdsLibManager->viewListBox->value = nil
\a cdsLibManager->cellListBox->value = "CLKBUFX2core"
\a cdsLibManager->viewListBox->value = "symbol"
\a cdsLibManager->viewLineEdit->value = "symbol"
\a cdsLibManager->cellLineEdit->value = "CLKBUFX2core"
\a cdsLibManager->viewListBox->value = "schematic"
\a cdsLibManager->viewLineEdit->value = "schematic"
\a lmgrLogShowPopup("mainListPopup2" 64 40 2 "schematic")
\a cdsLibManager->FileOpenROButton->value = t
\o MPS request: open design readonly
\a nrSetCurrentWindow(cdsLibManager)
\a cdsLibManager->cellListBox->value = "CLKBUFX2"
\a cdsLibManager->viewLineEdit->value = ""
\a cdsLibManager->viewListBox->value = nil
\a cdsLibManager->viewListBox->value = "schematic"
\a cdsLibManager->viewLineEdit->value = "schematic"
\a cdsLibManager->cellLineEdit->value = "CLKBUFX2"
\a nrSetCurrentWindow(cdsLibManager)
\a nrSetCurrentWindow(cdsLibManager)
\a cdsLibManager->cellListBox->value = "HOLDX1"
\a cdsLibManager->viewLineEdit->value = ""
\a cdsLibManager->viewListBox->value = nil
\a cdsLibManager->viewListBox->value = "schematic"
\a cdsLibManager->viewLineEdit->value = "schematic"
\a cdsLibManager->cellLineEdit->value = "HOLDX1"
\a lmgrLogShowPopup("mainListPopup2" 46 24 2 "schematic")
\a cdsLibManager->FileOpenROButton->value = t
\o MPS request: open design readonly
\a nrSetCurrentWindow(cdsLibManager)
\a cdsLibManager->cellListBox->value = "DLY4X1"
\a cdsLibManager->viewLineEdit->value = ""
\a cdsLibManager->viewListBox->value = nil
\a cdsLibManager->viewListBox->value = "schematic"
\a cdsLibManager->viewLineEdit->value = "schematic"
\a cdsLibManager->cellListBox->value = "DLY1X1"
\a cdsLibManager->viewLineEdit->value = ""
\a cdsLibManager->viewListBox->value = nil
\a cdsLibManager->viewListBox->value = "schematic"
\a cdsLibManager->viewLineEdit->value = "schematic"
\a cdsLibManager->cellLineEdit->value = "DLY1X1"
\a lmgrLogShowPopup("mainListPopup2" 50 27 2 "schematic")
\a cdsLibManager->FileOpenROButton->value = t
\o MPS request: open design readonly
\a nrSetCurrentWindow(cdsLibManager)
\a nrSetCurrentWindow(cdsLibManager)
\a cdsLibManager->cellListBox->value = "ACHCONX2"
\a cdsLibManager->viewLineEdit->value = ""
\a cdsLibManager->viewListBox->value = nil
\a cdsLibManager->viewListBox->value = "schematic"
\a cdsLibManager->viewLineEdit->value = "schematic"
\a cdsLibManager->cellListBox->value = "ADDFHX1"
\a cdsLibManager->viewLineEdit->value = ""
\a cdsLibManager->viewListBox->value = nil
\a cdsLibManager->viewListBox->value = "schematic"
\a cdsLibManager->viewLineEdit->value = "schematic"
\a cdsLibManager->cellLineEdit->value = "ADDFHX1"
\a cdsLibManager->viewListBox->value = "symbol"
\a cdsLibManager->viewLineEdit->value = "symbol"
\a lmgrLogShowPopup("mainListPopup2" 33 7 2 "symbol")
\a cdsLibManager->FileOpenROButton->value = t
\o MPS request: open design readonly
\a nrSetCurrentWindow(cdsLibManager)
\a nrSetCurrentWindow(cdsLibManager)
\a cdsLibManager->viewListBox->value = "functional"
\a cdsLibManager->viewLineEdit->value = "functional"
\a lmgrLogShowPopup("mainListPopup2" 34 56 2 "functional")
\a cdsLibManager->FileOpenROButton->value = t
\o MPS request: open design readonly
\a nrSetCurrentWindow(cdsLibManager)
\a cdsLibManager->viewListBox->value = "extracted"
\a cdsLibManager->viewLineEdit->value = "extracted"
\a lmgrLogShowPopup("mainListPopup2" 42 70 2 "extracted")
\a cdsLibManager->FileOpenROButton->value = t
\o MPS request: open design readonly
\a nrSetCurrentWindow(cdsLibManager)
\a cdsLibManager->viewListBox->value = "layout"
\a cdsLibManager->viewLineEdit->value = "layout"
\a lmgrLogShowPopup("mainListPopup2" 30 39 2 "layout")
\a cdsLibManager->FileOpenROButton->value = t
\o MPS request: open design readonly
\a nrSetCurrentWindow(cdsLibManager)
\a nrSetCurrentWindow(cdsLibManager)
\a nrSetCurrentWindow(cdsLibManager)
\a cdsLibManager->libListBox->value = "gpdk045"
\a cdsLibManager->cellListBox->value = nil
\a cdsLibManager->viewLineEdit->value = ""
\a cdsLibManager->viewListBox->value = nil
\a cdsLibManager->cellLineEdit->value = ""
\a cdsLibManager->libLineEdit->value = "gpdk045"
\a nrSetCurrentWindow(cdsLibManager)
\a cdsLibManager->cellListBox->value = "pmos1v"
\a cdsLibManager->viewListBox->value = "layout"
\a cdsLibManager->viewLineEdit->value = "layout"
\a cdsLibManager->cellLineEdit->value = "pmos1v"
\a cdsLibManager->viewListBox->value = "spectre"
\a cdsLibManager->viewLineEdit->value = "spectre"
\a cdsLibManager->viewListBox->value = "symbol"
\a cdsLibManager->viewLineEdit->value = "symbol"
\a cdsLibManager->viewListBox->value = "ivpcell"
\a cdsLibManager->viewLineEdit->value = "ivpcell"
\a lmgrLogShowPopup("mainListPopup2" 40 56 2 "ivpcell")
\a cdsLibManager->FileOpenROButton->value = t
\o MPS request: open design readonly
\a nrSetCurrentWindow(cdsLibManager)
\a nrSetCurrentWindow(cdsLibManager)
\a nrSetCurrentWindow(cdsLibManager)
\a nrSetCurrentWindow(cdsLibManager)
\a nrSetCurrentWindow(cdsLibManager)
\a cdsLibManager->libListBox->value = "gsclib045"
\a cdsLibManager->cellListBox->value = nil
\a cdsLibManager->viewLineEdit->value = ""
\a cdsLibManager->viewListBox->value = nil
\a cdsLibManager->cellLineEdit->value = ""
\a cdsLibManager->libLineEdit->value = "gsclib045"
\a cdsLibManager->cellListBox->value = "ISOHLDX1_OFF"
\a cdsLibManager->cellLineEdit->value = "ISOHLDX1_OFF"
\a cdsLibManager->viewListBox->value = "schematic"
\a cdsLibManager->viewLineEdit->value = "schematic"
\a lmgrLogShowPopup("mainListPopup2" 46 23 2 "schematic")
\a cdsLibManager->FileOpenROButton->value = t
\o MPS request: open design readonly
\a nrSetCurrentWindow(cdsLibManager)
\a cdsLibManager->cellListBox->value = "ISOHLDX1_ON"
\a cdsLibManager->viewLineEdit->value = ""
\a cdsLibManager->viewListBox->value = nil
\a cdsLibManager->viewListBox->value = "schematic"
\a cdsLibManager->viewLineEdit->value = "schematic"
\a cdsLibManager->cellLineEdit->value = "ISOHLDX1_ON"
\a lmgrLogShowPopup("mainListPopup2" 46 24 2 "schematic")
\a cdsLibManager->FileOpenROButton->value = t
\o MPS request: open design readonly
\a nrSetCurrentWindow(cdsLibManager)
\a cdsLibManager->cellListBox->value = "ISOHX1_OFF"
\a cdsLibManager->viewLineEdit->value = ""
\a cdsLibManager->viewListBox->value = nil
\a cdsLibManager->viewListBox->value = "schematic"
\a cdsLibManager->viewLineEdit->value = "schematic"
\a cdsLibManager->cellLineEdit->value = "ISOHX1_OFF"
\a lmgrLogShowPopup("mainListPopup2" 49 25 2 "schematic")
\a cdsLibManager->FileOpenROButton->value = t
\o MPS request: open design readonly
\a nrSetCurrentWindow(cdsLibManager)
\a cdsLibManager->cellListBox->value = "ISOHLDX1_ON"
\a cdsLibManager->viewLineEdit->value = ""
\a cdsLibManager->viewListBox->value = nil
\a cdsLibManager->viewListBox->value = "schematic"
\a cdsLibManager->viewLineEdit->value = "schematic"
\a cdsLibManager->cellLineEdit->value = "ISOHLDX1_ON"
\a nrSetCurrentWindow(cdsLibManager)
\a cdsLibManager->cellListBox->value = "ISOLX1_ON"
\a cdsLibManager->viewLineEdit->value = ""
\a cdsLibManager->viewListBox->value = nil
\a cdsLibManager->viewListBox->value = "schematic"
\a cdsLibManager->viewLineEdit->value = "schematic"
\a cdsLibManager->cellLineEdit->value = "ISOLX1_ON"
\a lmgrLogShowPopup("mainListPopup2" 46 24 2 "schematic")
\a cdsLibManager->FileOpenROButton->value = t
\o MPS request: open design readonly
\a nrSetCurrentWindow(cdsLibManager)
\a nrSetCurrentWindow(cdsLibManager)
\a nrSetCurrentWindow(cdsLibManager)
\a nrSetCurrentWindow(cdsLibManager)
\a cdsLibManager->cellListBox->value = "LSHL_ISOH_X1_FROM_OFF"
\a cdsLibManager->viewLineEdit->value = ""
\a cdsLibManager->viewListBox->value = nil
\a cdsLibManager->viewListBox->value = "schematic"
\a cdsLibManager->viewLineEdit->value = "schematic"
\a cdsLibManager->cellListBox->value = "LSHLX1_FROM"
\a cdsLibManager->viewLineEdit->value = ""
\a cdsLibManager->viewListBox->value = nil
\a cdsLibManager->viewListBox->value = "schematic"
\a cdsLibManager->viewLineEdit->value = "schematic"
\a cdsLibManager->cellListBox->value = "LSHLX1_TO"
\a cdsLibManager->viewLineEdit->value = ""
\a cdsLibManager->viewListBox->value = nil
\a cdsLibManager->viewListBox->value = "schematic"
\a cdsLibManager->viewLineEdit->value = "schematic"
\a cdsLibManager->cellListBox->value = "LSHLX1_FROM"
\a cdsLibManager->viewLineEdit->value = ""
\a cdsLibManager->viewListBox->value = nil
\a cdsLibManager->viewListBox->value = "schematic"
\a cdsLibManager->viewLineEdit->value = "schematic"
\a cdsLibManager->cellListBox->value = "LSHLX1_TO"
\a cdsLibManager->viewLineEdit->value = ""
\a cdsLibManager->viewListBox->value = nil
\a cdsLibManager->viewListBox->value = "schematic"
\a cdsLibManager->viewLineEdit->value = "schematic"
\a cdsLibManager->cellListBox->value = "LSHLX1_FROM"
\a cdsLibManager->viewLineEdit->value = ""
\a cdsLibManager->viewListBox->value = nil
\a cdsLibManager->viewListBox->value = "schematic"
\a cdsLibManager->viewLineEdit->value = "schematic"
\a cdsLibManager->cellListBox->value = "LSHLX1_TO"
\a cdsLibManager->viewLineEdit->value = ""
\a cdsLibManager->viewListBox->value = nil
\a cdsLibManager->viewListBox->value = "schematic"
\a cdsLibManager->viewLineEdit->value = "schematic"
\a cdsLibManager->cellListBox->value = "LSHLX1_FROM"
\a cdsLibManager->viewLineEdit->value = ""
\a cdsLibManager->viewListBox->value = nil
\a cdsLibManager->viewListBox->value = "schematic"
\a cdsLibManager->viewLineEdit->value = "schematic"
\a cdsLibManager->cellLineEdit->value = "LSHLX1_FROM"
\a lmgrLogShowPopup("mainListPopup2" 24 24 2 "schematic")
\a cdsLibManager->FileOpenROButton->value = t
\o MPS request: open design readonly
\a nrSetCurrentWindow(cdsLibManager)
\a cdsLibManager->cellListBox->value = "LSHLX1_TO"
\a cdsLibManager->viewLineEdit->value = ""
\a cdsLibManager->viewListBox->value = nil
\a cdsLibManager->viewListBox->value = "schematic"
\a cdsLibManager->viewLineEdit->value = "schematic"
\a cdsLibManager->cellLineEdit->value = "LSHLX1_TO"
\a lmgrLogShowPopup("mainListPopup2" 38 21 2 "schematic")
\a cdsLibManager->FileOpenROButton->value = t
\o MPS request: open design readonly
\a nrSetCurrentWindow(cdsLibManager)
\a cdsLibManager->cellListBox->value = "LSLHX1_TO"
\a cdsLibManager->viewLineEdit->value = ""
\a cdsLibManager->viewListBox->value = nil
\a cdsLibManager->viewListBox->value = "schematic"
\a cdsLibManager->viewLineEdit->value = "schematic"
\a cdsLibManager->cellLineEdit->value = "LSLHX1_TO"
\a nrSetCurrentWindow(cdsLibManager)
\a cdsLibManager->viewLineEdit->value = ""
\a cdsLibManager->viewListBox->value = nil
\a cdsLibManager->cellListBox->value = nil
\a cdsLibManager->cellLineEdit->value = "RSD"
\a nrSetCurrentWindow(cdsLibManager)
\a cdsLibManager->cellListBox->value = "RDFFQX1"
\a cdsLibManager->viewListBox->value = "schematic"
\a cdsLibManager->viewLineEdit->value = "schematic"
\a cdsLibManager->cellListBox->value = "RDFFX1"
\a cdsLibManager->viewLineEdit->value = ""
\a cdsLibManager->viewListBox->value = nil
\a cdsLibManager->viewListBox->value = "schematic"
\a cdsLibManager->viewLineEdit->value = "schematic"
\a cdsLibManager->cellLineEdit->value = "RDFFX1"
\a lmgrLogShowPopup("mainListPopup2" 49 27 2 "schematic")
\a cdsLibManager->FileOpenROButton->value = t
\o MPS request: open design readonly
\a nrSetCurrentWindow(cdsLibManager)
\a nrSetCurrentWindow(cdsLibManager)
\a nrSetCurrentWindow(cdsLibManager)
\a nrSetCurrentWindow(cdsLibManager)
\a nrSetCurrentWindow(cdsLibManager)
\a nrSetCurrentWindow(cdsLibManager)
\a nrSetCurrentWindow(cdsLibManager)
\a nrSetCurrentWindow(cdsLibManager)
\a nrSetCurrentWindow(cdsLibManager)
\a nrSetCurrentWindow(cdsLibManager)
\a nrSetCurrentWindow(cdsLibManager)
\a nrSetCurrentWindow(cdsLibManager)
\a nrSetCurrentWindow(cdsLibManager)
\a nrSetCurrentWindow(cdsLibManager)
\a nrSetCurrentWindow(cdsLibManager)
\a nrSetCurrentWindow(cdsLibManager)
\a nrSetCurrentWindow(cdsLibManager)
\a nrSetCurrentWindow(cdsLibManager)
\a nrSetCurrentWindow(cdsLibManager)
\a nrSetCurrentWindow(cdsLibManager)
\a nrSetCurrentWindow(cdsLibManager)
\a nrSetCurrentWindow(cdsLibManager)
\a nrSetCurrentWindow(cdsLibManager)
\a nrSetCurrentWindow(cdsLibManager)
\a nrSetCurrentWindow(cdsLibManager)
\a nrSetCurrentWindow(cdsLibManager)
\a nrSetCurrentWindow(cdsLibManager)
\a nrSetCurrentWindow(cdsLibManager)
\a nrSetCurrentWindow(cdsLibManager)
\a nrSetCurrentWindow(cdsLibManager)
\a nrSetCurrentWindow(cdsLibManager)
\a nrSetCurrentWindow(cdsLibManager)
\a nrSetCurrentWindow(cdsLibManager)
\a nrSetCurrentWindow(cdsLibManager)
\a nrSetCurrentWindow(cdsLibManager)
\a nrSetCurrentWindow(cdsLibManager)
\a nrSetCurrentWindow(cdsLibManager)
\a nrSetCurrentWindow(cdsLibManager)
\a nrSetCurrentWindow(cdsLibManager)
\a nrSetCurrentWindow(cdsLibManager)
\a nrSetCurrentWindow(cdsLibManager)
\a nrSetCurrentWindow(cdsLibManager)
\a nrSetCurrentWindow(cdsLibManager)
\a nrSetCurrentWindow(cdsLibManager)
\a nrSetCurrentWindow(cdsLibManager)
\a cdsLibManager->cellListBox->value = "SRDFFNRX1"
\a cdsLibManager->viewLineEdit->value = ""
\a cdsLibManager->viewListBox->value = nil
\a cdsLibManager->viewListBox->value = "schematic"
\a cdsLibManager->viewLineEdit->value = "schematic"
\a cdsLibManager->cellLineEdit->value = "SRDFFNRX1"
\a lmgrLogShowPopup("mainListPopup2" 58 29 2 "schematic")
\a cdsLibManager->FileOpenROButton->value = t
\o MPS request: open design readonly
\a nrSetCurrentWindow(cdsLibManager)
\a nrSetCurrentWindow(cdsLibManager)
\a nrSetCurrentWindow(cdsLibManager)
\a nrSetCurrentWindow(cdsLibManager)
\a nrSetCurrentWindow(cdsLibManager)
\a nrSetCurrentWindow(cdsLibManager)
\a nrSetCurrentWindow(cdsLibManager)
\a nrSetCurrentWindow(cdsLibManager)
\a nrSetCurrentWindow(cdsLibManager)
\a nrSetCurrentWindow(cdsLibManager)
\a nrSetCurrentWindow(cdsLibManager)
\a nrSetCurrentWindow(cdsLibManager)
\a nrSetCurrentWindow(cdsLibManager)
\a nrSetCurrentWindow(cdsLibManager)
\a nrSetCurrentWindow(cdsLibManager)
\a nrSetCurrentWindow(cdsLibManager)
\a nrSetCurrentWindow(cdsLibManager)
\a nrSetCurrentWindow(cdsLibManager)
\a nrSetCurrentWindow(cdsLibManager)
\a nrSetCurrentWindow(cdsLibManager)
\a nrSetCurrentWindow(cdsLibManager)
\a nrSetCurrentWindow(cdsLibManager)
\a nrSetCurrentWindow(cdsLibManager)
\a nrSetCurrentWindow(cdsLibManager)
\a nrSetCurrentWindow(cdsLibManager)
\a nrSetCurrentWindow(cdsLibManager)
\a nrSetCurrentWindow(cdsLibManager)
\a nrSetCurrentWindow(cdsLibManager)
\a nrSetCurrentWindow(cdsLibManager)
\a nrSetCurrentWindow(cdsLibManager)
\a nrSetCurrentWindow(cdsLibManager)
\a nrSetCurrentWindow(cdsLibManager)
\a nrSetCurrentWindow(cdsLibManager)
\a nrSetCurrentWindow(cdsLibManager)
\a nrSetCurrentWindow(cdsLibManager)
\a nrSetCurrentWindow(cdsLibManager)
\a nrSetCurrentWindow(cdsLibManager)
\a nrSetCurrentWindow(cdsLibManager)
\a nrSetCurrentWindow(cdsLibManager)
\a nrSetCurrentWindow(cdsLibManager)
\a nrSetCurrentWindow(cdsLibManager)
\a nrSetCurrentWindow(cdsLibManager)
\a nrSetCurrentWindow(cdsLibManager)
\a nrSetCurrentWindow(cdsLibManager)
\a nrSetCurrentWindow(cdsLibManager)
\a nrSetCurrentWindow(cdsLibManager)
\a nrSetCurrentWindow(cdsLibManager)
\a nrSetCurrentWindow(cdsLibManager)
\a nrSetCurrentWindow(cdsLibManager)
\a nrSetCurrentWindow(cdsLibManager)
\a nrSetCurrentWindow(cdsLibManager)
\a nrSetCurrentWindow(cdsLibManager)
\a nrSetCurrentWindow(cdsLibManager)
\a nrSetCurrentWindow(cdsLibManager)
\a nrSetCurrentWindow(cdsLibManager)
\a nrSetCurrentWindow(cdsLibManager)
\a nrSetCurrentWindow(cdsLibManager)
\a nrSetCurrentWindow(cdsLibManager)
\a nrSetCurrentWindow(cdsLibManager)
\a nrSetCurrentWindow(cdsLibManager)
\a nrSetCurrentWindow(cdsLibManager)
\a nrSetCurrentWindow(cdsLibManager)
\a nrSetCurrentWindow(cdsLibManager)
\a nrSetCurrentWindow(cdsLibManager)
\a nrSetCurrentWindow(cdsLibManager)
\a nrSetCurrentWindow(cdsLibManager)
\a nrSetCurrentWindow(cdsLibManager)
\a nrSetCurrentWindow(cdsLibManager)
\a nrSetCurrentWindow(cdsLibManager)
\a nrSetCurrentWindow(cdsLibManager)
\a cdsLibManager->viewListBox->value = nil
\a cdsLibManager->viewLineEdit->value = "schematic:sp ../D"
\a nrSetCurrentWindow(cdsLibManager)
\a cdsLibManager->viewLineEdit->value = "schematic:sp ../D"
\a nrSetCurrentWindow(cdsLibManager)
\a cdsLibManager->viewLineEdit->value = "schematic:sp ../D"
\a nrSetCurrentWindow(cdsLibManager)
\a cdsLibManager->viewLineEdit->value = "schematic:sp ../D"
\a nrSetCurrentWindow(cdsLibManager)
\a cdsLibManager->viewLineEdit->value = "schematic:sp ../D"
\a nrSetCurrentWindow(cdsLibManager)
\a cdsLibManager->viewLineEdit->value = "schematic:sp ../D"
\a nrSetCurrentWindow(cdsLibManager)
\a cdsLibManager->viewLineEdit->value = "schematic:sp ../D"
\a nrSetCurrentWindow(cdsLibManager)
\a cdsLibManager->viewLineEdit->value = "schematic:sp ../D"
\a nrSetCurrentWindow(cdsLibManager)
\a cdsLibManager->viewLineEdit->value = "schematic:sp ../D"
\a nrSetCurrentWindow(cdsLibManager)
\a cdsLibManager->viewLineEdit->value = "schematic:sp ../D"
\a nrSetCurrentWindow(cdsLibManager)
\a cdsLibManager->viewLineEdit->value = "schematic:sp ../D"
\a nrSetCurrentWindow(cdsLibManager)
\a cdsLibManager->viewLineEdit->value = "schematic:sp ../D"
\a nrSetCurrentWindow(cdsLibManager)
\a cdsLibManager->viewLineEdit->value = "schematic:sp ../D"
\a nrSetCurrentWindow(cdsLibManager)
\a cdsLibManager->viewLineEdit->value = "schematic:sp ../D"
\a nrSetCurrentWindow(cdsLibManager)
\a cdsLibManager->viewLineEdit->value = "schematic:sp ../D"
\a nrSetCurrentWindow(cdsLibManager)
\a cdsLibManager->viewLineEdit->value = "schematic:sp ../D"
\a nrSetCurrentWindow(cdsLibManager)
\a cdsLibManager->viewLineEdit->value = "schematic:sp ../D"
\a nrSetCurrentWindow(cdsLibManager)
\a cdsLibManager->viewLineEdit->value = "schematic:sp ../D"
\a nrSetCurrentWindow(cdsLibManager)
\a cdsLibManager->viewLineEdit->value = "schematic:sp ../D"
\a nrSetCurrentWindow(cdsLibManager)
\a cdsLibManager->viewLineEdit->value = "schematic:sp ../D"
\a nrSetCurrentWindow(cdsLibManager)
\a cdsLibManager->viewLineEdit->value = "schematic:sp ../D"
\a nrSetCurrentWindow(cdsLibManager)
\a cdsLibManager->viewLineEdit->value = "schematic:sp ../D"
\a nrSetCurrentWindow(cdsLibManager)
\a cdsLibManager->viewLineEdit->value = "schematic:sp ../D"
\a nrSetCurrentWindow(cdsLibManager)
\a cdsLibManager->viewLineEdit->value = "schematic:sp ../D"
\a nrSetCurrentWindow(cdsLibManager)
\a cdsLibManager->viewLineEdit->value = "schematic:sp ../D"
\a nrSetCurrentWindow(cdsLibManager)
\a cdsLibManager->viewLineEdit->value = "schematic:sp ../D"
\a nrSetCurrentWindow(cdsLibManager)
\a cdsLibManager->viewLineEdit->value = "schematic:sp ../D"
\a nrSetCurrentWindow(cdsLibManager)
\a cdsLibManager->viewLineEdit->value = "schematic:sp ../D"
\a nrSetCurrentWindow(cdsLibManager)
\a cdsLibManager->viewLineEdit->value = "schematic:sp ../D"
\a nrSetCurrentWindow(cdsLibManager)
\a cdsLibManager->viewLineEdit->value = "schematic:sp ../D"
\a nrSetCurrentWindow(cdsLibManager)
\a cdsLibManager->viewLineEdit->value = "schematic:sp ../D"
\a nrSetCurrentWindow(cdsLibManager)
\a cdsLibManager->viewLineEdit->value = "schematic:sp ../D"
\a nrSetCurrentWindow(cdsLibManager)
\a cdsLibManager->viewLineEdit->value = "schematic:sp ../D"
\a nrSetCurrentWindow(cdsLibManager)
\a cdsLibManager->viewLineEdit->value = "schematic:sp ../D"
\a nrSetCurrentWindow(cdsLibManager)
\a cdsLibManager->viewLineEdit->value = "schematic:sp ../D"
\a nrSetCurrentWindow(cdsLibManager)
\a cdsLibManager->viewLineEdit->value = "schematic:sp ../D"
\a nrSetCurrentWindow(cdsLibManager)
\a cdsLibManager->viewLineEdit->value = "schematic:sp ../D"
\a nrSetCurrentWindow(cdsLibManager)
\a cdsLibManager->viewLineEdit->value = "schematic:sp ../D"
\a nrSetCurrentWindow(cdsLibManager)
\a cdsLibManager->viewLineEdit->value = "schematic:sp ../D"
\a nrSetCurrentWindow(cdsLibManager)
\a cdsLibManager->viewLineEdit->value = "schematic:sp ../D"
\a nrSetCurrentWindow(cdsLibManager)
\a cdsLibManager->viewLineEdit->value = "schematic:sp ../D"
\a nrSetCurrentWindow(cdsLibManager)
\a cdsLibManager->viewLineEdit->value = "schematic:sp ../D"
\a nrSetCurrentWindow(cdsLibManager)
\a cdsLibManager->viewLineEdit->value = "schematic:sp ../D"
\a nrSetCurrentWindow(cdsLibManager)
\a cdsLibManager->viewLineEdit->value = "schematic:sp ../D"
\a nrSetCurrentWindow(cdsLibManager)
\a cdsLibManager->viewLineEdit->value = "schematic:sp ../D"
\a nrSetCurrentWindow(cdsLibManager)
\a cdsLibManager->viewLineEdit->value = "schematic:sp ../D"
\a nrSetCurrentWindow(cdsLibManager)
\a cdsLibManager->viewLineEdit->value = "schematic:sp ../D"
\a nrSetCurrentWindow(cdsLibManager)
\a cdsLibManager->viewLineEdit->value = "schematic:sp ../D"
\a nrSetCurrentWindow(cdsLibManager)
\a cdsLibManager->viewLineEdit->value = "schematic:sp ../D"
\a nrSetCurrentWindow(cdsLibManager)
\a cdsLibManager->viewLineEdit->value = "schematic:sp ../D"
\a nrSetCurrentWindow(cdsLibManager)
\a cdsLibManager->viewLineEdit->value = "schematic:sp ../D"
\a nrSetCurrentWindow(cdsLibManager)
\a cdsLibManager->viewLineEdit->value = "schematic:sp ../D"
\a nrSetCurrentWindow(cdsLibManager)
\a cdsLibManager->viewLineEdit->value = "schematic:sp ../D"
\a nrSetCurrentWindow(cdsLibManager)
\a cdsLibManager->viewLineEdit->value = "schematic:sp ../D"
\a nrSetCurrentWindow(cdsLibManager)
\a cdsLibManager->viewLineEdit->value = "schematic:sp ../D"
\a nrSetCurrentWindow(cdsLibManager)
\a cdsLibManager->viewLineEdit->value = "schematic:sp ../D"
\a nrSetCurrentWindow(cdsLibManager)
\a cdsLibManager->viewLineEdit->value = "schematic:sp ../D"
\a nrSetCurrentWindow(cdsLibManager)
\a cdsLibManager->viewLineEdit->value = "schematic:sp ../D"
\a nrSetCurrentWindow(cdsLibManager)
\a cdsLibManager->viewLineEdit->value = "schematic:sp ../D"
\a nrSetCurrentWindow(cdsLibManager)
\a cdsLibManager->viewLineEdit->value = "schematic:sp ../D"
\a nrSetCurrentWindow(cdsLibManager)
\a cdsLibManager->viewLineEdit->value = "schematic:sp ../D"
\a nrSetCurrentWindow(cdsLibManager)
\a cdsLibManager->viewLineEdit->value = "schematic:sp ../D"
\a nrSetCurrentWindow(cdsLibManager)
\a cdsLibManager->viewLineEdit->value = "schematic:sp ../D"
\a nrSetCurrentWindow(cdsLibManager)
\a cdsLibManager->viewLineEdit->value = "schematic:sp ../D"
\a nrSetCurrentWindow(cdsLibManager)
\a cdsLibManager->viewLineEdit->value = "schematic:sp ../D"
\a nrSetCurrentWindow(cdsLibManager)
\a cdsLibManager->viewLineEdit->value = "schematic:sp ../D"
\a nrSetCurrentWindow(cdsLibManager)
\a cdsLibManager->viewLineEdit->value = "schematic:sp ../D"
\a nrSetCurrentWindow(cdsLibManager)
\a cdsLibManager->viewLineEdit->value = "schematic:sp ../D"
\a nrSetCurrentWindow(cdsLibManager)
\a cdsLibManager->viewLineEdit->value = "schematic:sp ../D"
\a nrSetCurrentWindow(cdsLibManager)
\a cdsLibManager->viewLineEdit->value = "schematic:sp ../D"
\a nrSetCurrentWindow(cdsLibManager)
\a cdsLibManager->viewLineEdit->value = "schematic:sp ../D"
\a nrSetCurrentWindow(cdsLibManager)
\a cdsLibManager->viewLineEdit->value = "schematic:sp ../D"
\a nrSetCurrentWindow(cdsLibManager)
\a cdsLibManager->viewLineEdit->value = "schematic:sp ../D"
\a cdsLibManager->showCatsToggle->value = t
\a cdsLibManager->QToolButton7->value = t
\a cdsLibManager->showCategoriesAction->value = t
\a cdsLibManager->libCatsTreeView->value = "Everything"
\a cdsLibManager->catLineEdit->value = "Everything"
\a cdsLibManager->cellListBox->value = nil
\a cdsLibManager->viewLineEdit->value = ""
\a cdsLibManager->cellListBox->value = "SRDFFNRX1"
\a cdsLibManager->viewListBox->value = "schematic"
\a cdsLibManager->viewLineEdit->value = "schematic"
\a cdsLibManager->viewLineEdit->value = ""
\a cdsLibManager->viewListBox->value = nil
\a cdsLibManager->cellListBox->value = nil
\a cdsLibManager->cellListBox->value = "SRDFFNRX1"
\a cdsLibManager->viewListBox->value = "schematic"
\a cdsLibManager->viewLineEdit->value = "schematic"
\a cdsLibManager->viewLineEdit->value = ""
\a cdsLibManager->viewListBox->value = nil
\a cdsLibManager->libCatsTreeView->value = "HOLD"
\a cdsLibManager->catLineEdit->value = "HOLD"
\a cdsLibManager->cellListBox->value = nil
\a cdsLibManager->cellLineEdit->value = ""
\a cdsLibManager->cellListBox->value = "HOLDX1"
\a cdsLibManager->cellLineEdit->value = "HOLDX1"
\a cdsLibManager->viewListBox->value = "schematic"
\a cdsLibManager->viewLineEdit->value = "schematic"
\a cdsLibManager->viewLineEdit->value = ""
\a cdsLibManager->viewListBox->value = nil
\a cdsLibManager->libCatsTreeView->value = "LPCells"
\a cdsLibManager->catLineEdit->value = "LPCells"
\a cdsLibManager->cellListBox->value = nil
\a cdsLibManager->cellLineEdit->value = ""
\a cdsLibManager->libCatsTreeView->value = "MX"
\a cdsLibManager->catLineEdit->value = "MX"
\a cdsLibManager->libCatsTreeView->value = "Misc"
\a cdsLibManager->catLineEdit->value = "Misc"
\a cdsLibManager->cellListBox->value = "ACHCONX2"
\a cdsLibManager->cellLineEdit->value = "ACHCONX2"
\a cdsLibManager->viewListBox->value = "schematic"
\a cdsLibManager->viewLineEdit->value = "schematic"
\a cdsLibManager->viewLineEdit->value = ""
\a cdsLibManager->viewListBox->value = nil
\a cdsLibManager->libCatsTreeView->value = "MX"
\a cdsLibManager->catLineEdit->value = "MX"
\a cdsLibManager->cellListBox->value = nil
\a cdsLibManager->cellLineEdit->value = ""
\a cdsLibManager->libCatsTreeView->value = "Misc"
\a cdsLibManager->catLineEdit->value = "Misc"
\a cdsLibManager->cellListBox->value = "ACHCONX2"
\a cdsLibManager->cellLineEdit->value = "ACHCONX2"
\a cdsLibManager->viewListBox->value = "schematic"
\a cdsLibManager->viewLineEdit->value = "schematic"
\a cdsLibManager->viewLineEdit->value = ""
\a cdsLibManager->viewListBox->value = nil
\a cdsLibManager->libCatsTreeView->value = "NAND"
\a cdsLibManager->catLineEdit->value = "NAND"
\a cdsLibManager->cellListBox->value = nil
\a cdsLibManager->cellLineEdit->value = ""
\a cdsLibManager->libCatsTreeView->value = "FF"
\a cdsLibManager->catLineEdit->value = "FF"
\a nrListItemExpand(cdsLibManager->libCatsTreeView "FF" t)
\a cdsLibManager->libCatsTreeView->value = "FF/DFF"
\a cdsLibManager->catLineEdit->value = "DFF"
\a cdsLibManager->libCatsTreeView->value = "FF/EDFF"
\a cdsLibManager->catLineEdit->value = "EDFF"
\a cdsLibManager->libCatsTreeView->value = "FF/DFF"
\a cdsLibManager->catLineEdit->value = "DFF"
\a nrListItemExpand(cdsLibManager->libCatsTreeView "FF" nil)
\a nrListItemExpand(cdsLibManager->libCatsTreeView "FF" t)
\a nrListItemExpand(cdsLibManager->libCatsTreeView "FF/MultiBits" t)
\a nrListItemExpand(cdsLibManager->libCatsTreeView "FF/MultiBits" nil)
\a nrListItemExpand(cdsLibManager->libCatsTreeView "LPCells" t)
\a cdsLibManager->libCatsTreeView->value = "LPCells/RDFF"
\a cdsLibManager->catLineEdit->value = "RDFF"
\a nrSetCurrentWindow(cdsLibManager)
\a cdsLibManager->libCatsTreeView->value = "LPCells/HSW"
\a cdsLibManager->catLineEdit->value = "HSW"
\a cdsLibManager->libCatsTreeView->value = "LPCells/FSW"
\a cdsLibManager->catLineEdit->value = "FSW"
\a cdsLibManager->showFilesToggle->value = t
\a cdsLibManager->showFilesToggle->value = nil
\a cdsLibManager->showFilesToggle->value = t
\a cdsLibManager->cellListBox->value = "FSWNX1"
\a cdsLibManager->viewListBox->value = "schematic"
\a cdsLibManager->viewLineEdit->value = "schematic"
\a cdsLibManager->cellListBox->value = "FSWX1"
\a cdsLibManager->viewLineEdit->value = ""
\a cdsLibManager->viewListBox->value = nil
\a cdsLibManager->viewListBox->value = "schematic"
\a cdsLibManager->viewLineEdit->value = "schematic"
\a cdsLibManager->cellListBox->value = "FSWNX1"
\a cdsLibManager->viewLineEdit->value = ""
\a cdsLibManager->viewListBox->value = nil
\a cdsLibManager->viewListBox->value = "schematic"
\a cdsLibManager->viewLineEdit->value = "schematic"
\a cdsLibManager->cellLineEdit->value = "FSWNX1"
\a cdsLibManager->showFilesToggle->value = nil
\a nrListItemExpand(cdsLibManager->libCatsTreeView "FF" nil)
\a cdsLibManager->libCatsTreeView->value = "LPCells/ALWAYSON"
\a cdsLibManager->catLineEdit->value = "ALWAYSON"
\a cdsLibManager->cellListBox->value = nil
\a cdsLibManager->viewLineEdit->value = ""
\a cdsLibManager->viewListBox->value = nil
\a cdsLibManager->cellLineEdit->value = ""
\a cdsLibManager->libCatsTreeView->value = "LPCells/FSW"
\a cdsLibManager->catLineEdit->value = "FSW"
\a cdsLibManager->libCatsTreeView->value = "LPCells/HSW"
\a cdsLibManager->catLineEdit->value = "HSW"
\a cdsLibManager->libCatsTreeView->value = "LPCells/ISO"
\a cdsLibManager->catLineEdit->value = "ISO"
\a cdsLibManager->libCatsTreeView->value = "LPCells/RDFF"
\a cdsLibManager->catLineEdit->value = "RDFF"
\a nrSetCurrentWindow(cdsLibManager)
\a nrSetCurrentWindow(cdsLibManager)
\a nrSetCurrentWindow(cdsLibManager)
\a nrSetCurrentWindow(cdsLibManager)
\a nrSetCurrentWindow(cdsLibManager)
\a nrSetCurrentWindow(cdsLibManager)
\a nrSetCurrentWindow(cdsLibManager)
\a nrSetCurrentWindow(cdsLibManager)
\a nrSetCurrentWindow(cdsLibManager)
\a nrSetCurrentWindow(cdsLibManager)
\a nrSetCurrentWindow(cdsLibManager)
\a nrSetCurrentWindow(cdsLibManager)
\a nrSetCurrentWindow(cdsLibManager)
\a nrSetCurrentWindow(cdsLibManager)
\a nrSetCurrentWindow(cdsLibManager)
\a nrSetCurrentWindow(cdsLibManager)
\a nrSetCurrentWindow(cdsLibManager)
\a nrSetCurrentWindow(cdsLibManager)
\a nrSetCurrentWindow(cdsLibManager)
\a nrSetCurrentWindow(cdsLibManager)
\a nrSetCurrentWindow(cdsLibManager)
\a nrSetCurrentWindow(cdsLibManager)
\a nrSetCurrentWindow(cdsLibManager)
\a nrSetCurrentWindow(cdsLibManager)
\a nrSetCurrentWindow(cdsLibManager)
\a nrSetCurrentWindow(cdsLibManager)
\a nrSetCurrentWindow(cdsLibManager)
\a nrSetCurrentWindow(cdsLibManager)
\a nrSetCurrentWindow(cdsLibManager)
\a nrSetCurrentWindow(cdsLibManager)
\a nrSetCurrentWindow(cdsLibManager)
\a nrSetCurrentWindow(cdsLibManager)
\a nrSetCurrentWindow(cdsLibManager)
\a nrSetCurrentWindow(cdsLibManager)
\a nrSetCurrentWindow(cdsLibManager)
\a nrSetCurrentWindow(cdsLibManager)
\a nrSetCurrentWindow(cdsLibManager)
\a nrSetCurrentWindow(cdsLibManager)
\a nrSetCurrentWindow(cdsLibManager)
\a nrSetCurrentWindow(cdsLibManager)
\a nrSetCurrentWindow(cdsLibManager)
\a nrSetCurrentWindow(cdsLibManager)
\a nrSetCurrentWindow(cdsLibManager)
\a nrSetCurrentWindow(cdsLibManager)
\a nrSetCurrentWindow(cdsLibManager)
\a nrSetCurrentWindow(cdsLibManager)
\a nrSetCurrentWindow(cdsLibManager)
\a nrSetCurrentWindow(cdsLibManager)
\a nrSetCurrentWindow(cdsLibManager)
\a cdsLibManager->libCatsTreeView->value = "LPCells/RTLAT"
\a cdsLibManager->catLineEdit->value = "RTLAT"
\a cdsLibManager->libCatsTreeView->value = "LPCells/SRDFF"
\a cdsLibManager->catLineEdit->value = "SRDFF"
\a nrSetCurrentWindow(cdsLibManager)
\a nrSetCurrentWindow(cdsLibManager)
\a nrSetCurrentWindow(cdsLibManager)
\a nrSetCurrentWindow(cdsLibManager)
\a nrSetCurrentWindow(cdsLibManager)
\a nrSetCurrentWindow(cdsLibManager)
\a nrSetCurrentWindow(cdsLibManager)
\a nrSetCurrentWindow(cdsLibManager)
\a nrSetCurrentWindow(cdsLibManager)
\a nrSetCurrentWindow(cdsLibManager)
\a nrSetCurrentWindow(cdsLibManager)
\a nrSetCurrentWindow(cdsLibManager)
\a nrSetCurrentWindow(cdsLibManager)
\a nrSetCurrentWindow(cdsLibManager)
\a nrSetCurrentWindow(cdsLibManager)
\a nrSetCurrentWindow(cdsLibManager)
\a nrSetCurrentWindow(cdsLibManager)
\a nrSetCurrentWindow(cdsLibManager)
\a nrSetCurrentWindow(cdsLibManager)
\a nrSetCurrentWindow(cdsLibManager)
\a nrSetCurrentWindow(cdsLibManager)
\a nrSetCurrentWindow(cdsLibManager)
\a nrSetCurrentWindow(cdsLibManager)
\a nrSetCurrentWindow(cdsLibManager)
\a nrSetCurrentWindow(cdsLibManager)
\a nrSetCurrentWindow(cdsLibManager)
\a nrSetCurrentWindow(cdsLibManager)
\a nrSetCurrentWindow(cdsLibManager)
\a nrSetCurrentWindow(cdsLibManager)
\a nrSetCurrentWindow(cdsLibManager)
\a nrSetCurrentWindow(cdsLibManager)
\a nrSetCurrentWindow(cdsLibManager)
\a nrSetCurrentWindow(cdsLibManager)
\a nrSetCurrentWindow(cdsLibManager)
\a nrSetCurrentWindow(cdsLibManager)
\a nrSetCurrentWindow(cdsLibManager)
\a nrSetCurrentWindow(cdsLibManager)
\a nrSetCurrentWindow(cdsLibManager)
\a nrSetCurrentWindow(cdsLibManager)
\a nrSetCurrentWindow(cdsLibManager)
\a nrSetCurrentWindow(cdsLibManager)
\a nrSetCurrentWindow(cdsLibManager)
\a nrSetCurrentWindow(cdsLibManager)
\a nrSetCurrentWindow(cdsLibManager)
\a nrSetCurrentWindow(cdsLibManager)
\a nrSetCurrentWindow(cdsLibManager)
\a nrSetCurrentWindow(cdsLibManager)
\a nrSetCurrentWindow(cdsLibManager)
\a nrSetCurrentWindow(cdsLibManager)
\a nrSetCurrentWindow(cdsLibManager)
\a nrSetCurrentWindow(cdsLibManager)
\a nrSetCurrentWindow(cdsLibManager)
\a nrSetCurrentWindow(cdsLibManager)
\a nrSetCurrentWindow(cdsLibManager)
\a nrSetCurrentWindow(cdsLibManager)
\a nrSetCurrentWindow(cdsLibManager)
\a nrSetCurrentWindow(cdsLibManager)
\a nrSetCurrentWindow(cdsLibManager)
\a nrSetCurrentWindow(cdsLibManager)
\a nrSetCurrentWindow(cdsLibManager)
\a nrSetCurrentWindow(cdsLibManager)
\a nrSetCurrentWindow(cdsLibManager)
\a nrSetCurrentWindow(cdsLibManager)
\a nrSetCurrentWindow(cdsLibManager)
\a nrSetCurrentWindow(cdsLibManager)
\a nrSetCurrentWindow(cdsLibManager)
\a nrSetCurrentWindow(cdsLibManager)
\a nrSetCurrentWindow(cdsLibManager)
\a nrSetCurrentWindow(cdsLibManager)
\a nrSetCurrentWindow(cdsLibManager)
\a nrSetCurrentWindow(cdsLibManager)
\a nrSetCurrentWindow(cdsLibManager)
\a nrSetCurrentWindow(cdsLibManager)
\a nrSetCurrentWindow(cdsLibManager)
\a nrSetCurrentWindow(cdsLibManager)
\a nrSetCurrentWindow(cdsLibManager)
\a nrResizeWindow(cdsLibManager list(996 121 1600 955))
\a nrSetCurrentWindow(cdsLibManager)
\a nrSetCurrentWindow(cdsLibManager)
\a cdsLibManager->libCatsTreeView->value = "LPCells/ISO"
\a cdsLibManager->catLineEdit->value = "ISO"
\a cdsLibManager->libCatsTreeView->value = "Misc"
\a cdsLibManager->catLineEdit->value = "Misc"
\a cdsLibManager->cellListBox->value = "ACHCONX2"
\a cdsLibManager->cellLineEdit->value = "ACHCONX2"
\a cdsLibManager->viewListBox->value = "schematic"
\a cdsLibManager->viewLineEdit->value = "schematic"
\a cdsLibManager->viewLineEdit->value = ""
\a cdsLibManager->viewListBox->value = nil
\a cdsLibManager->libCatsTreeView->value = "NOR"
\a cdsLibManager->catLineEdit->value = "NOR"
\a cdsLibManager->cellListBox->value = nil
\a cdsLibManager->cellLineEdit->value = ""
\a cdsLibManager->libCatsTreeView->value = "OR"
\a cdsLibManager->catLineEdit->value = "OR"
\a cdsLibManager->libCatsTreeView->value = "TLAT"
\a cdsLibManager->catLineEdit->value = "TLAT"
\a cdsLibManager->libCatsTreeView->value = "XOR"
\a cdsLibManager->catLineEdit->value = "XOR"
\a cdsLibManager->libCatsTreeView->value = "DECAP"
\a cdsLibManager->catLineEdit->value = "DECAP"
\a cdsLibManager->libCatsTreeView->value = "ADD"
\a cdsLibManager->catLineEdit->value = "ADD"
\a cdsLibManager->libCatsTreeView->value = "Everything"
\a cdsLibManager->catLineEdit->value = "Everything"
\a cdsLibManager->libCatsTreeView->value = "Uncategorized"
\a cdsLibManager->catLineEdit->value = "Uncategorized"
\a cdsLibManager->libCatsTreeView->value = "ADD"
\a cdsLibManager->catLineEdit->value = "ADD"
\a cdsLibManager->libCatsTreeView->value = "LPCells/RTLAT"
\a cdsLibManager->catLineEdit->value = "RTLAT"
\a cdsLibManager->libCatsTreeView->value = "Misc"
\a cdsLibManager->catLineEdit->value = "Misc"
\a cdsLibManager->cellListBox->value = "ACHCONX2"
\a cdsLibManager->cellLineEdit->value = "ACHCONX2"
\a cdsLibManager->viewListBox->value = "schematic"
\a cdsLibManager->viewLineEdit->value = "schematic"
\a cdsLibManager->viewLineEdit->value = ""
\a cdsLibManager->viewListBox->value = nil
\a nrSetCurrentWindow(cdsLibManager)
\a nrSetCurrentWindow(cdsLibManager)
\a nrSetCurrentWindow(cdsLibManager)
\a nrSetCurrentWindow(cdsLibManager)
\a nrSetCurrentWindow(cdsLibManager)
\a nrSetCurrentWindow(cdsLibManager)
\a nrSetCurrentWindow(cdsLibManager)
\a nrSetCurrentWindow(cdsLibManager)
\a nrSetCurrentWindow(cdsLibManager)
\a nrSetCurrentWindow(cdsLibManager)
\a nrSetCurrentWindow(cdsLibManager)
\a nrSetCurrentWindow(cdsLibManager)
\a nrSetCurrentWindow(cdsLibManager)
\a nrSetCurrentWindow(cdsLibManager)
\a nrSetCurrentWindow(cdsLibManager)
\a nrSetCurrentWindow(cdsLibManager)
\a nrSetCurrentWindow(cdsLibManager)
\a nrSetCurrentWindow(cdsLibManager)
\a nrSetCurrentWindow(cdsLibManager)
\a nrSetCurrentWindow(cdsLibManager)
\a nrSetCurrentWindow(cdsLibManager)
\a nrSetCurrentWindow(cdsLibManager)
\a nrSetCurrentWindow(cdsLibManager)
\a nrSetCurrentWindow(cdsLibManager)
\a nrSetCurrentWindow(cdsLibManager)
\a nrSetCurrentWindow(cdsLibManager)
\a nrSetCurrentWindow(cdsLibManager)
\a nrSetCurrentWindow(cdsLibManager)
\a nrSetCurrentWindow(cdsLibManager)
\a nrSetCurrentWindow(cdsLibManager)
\a nrSetCurrentWindow(cdsLibManager)
\a nrSetCurrentWindow(cdsLibManager)
\a nrSetCurrentWindow(cdsLibManager)
\a nrSetCurrentWindow(cdsLibManager)
\a nrSetCurrentWindow(cdsLibManager)
\a nrSetCurrentWindow(cdsLibManager)
\a nrSetCurrentWindow(cdsLibManager)
\a nrSetCurrentWindow(cdsLibManager)
\a nrSetCurrentWindow(cdsLibManager)
\a nrSetCurrentWindow(cdsLibManager)
\a nrSetCurrentWindow(cdsLibManager)
\a nrSetCurrentWindow(cdsLibManager)
\a nrSetCurrentWindow(cdsLibManager)
\a nrSetCurrentWindow(cdsLibManager)
\a nrSetCurrentWindow(cdsLibManager)
\a nrSetCurrentWindow(cdsLibManager)
\a nrSetCurrentWindow(cdsLibManager)
\a nrSetCurrentWindow(cdsLibManager)
\a nrSetCurrentWindow(cdsLibManager)
\a nrSetCurrentWindow(cdsLibManager)
\a nrSetCurrentWindow(cdsLibManager)
\a nrSetCurrentWindow(cdsLibManager)
\a nrSetCurrentWindow(cdsLibManager)
\a nrSetCurrentWindow(cdsLibManager)
\a nrSetCurrentWindow(cdsLibManager)
\a nrSetCurrentWindow(cdsLibManager)
\a nrSetCurrentWindow(cdsLibManager)
\a nrSetCurrentWindow(cdsLibManager)
\a nrSetCurrentWindow(cdsLibManager)
\a nrSetCurrentWindow(cdsLibManager)
\a nrSetCurrentWindow(cdsLibManager)
\a nrSetCurrentWindow(cdsLibManager)
\a nrSetCurrentWindow(cdsLibManager)
\a nrSetCurrentWindow(cdsLibManager)
\a nrSetCurrentWindow(cdsLibManager)
\a nrSetCurrentWindow(cdsLibManager)
\a nrSetCurrentWindow(cdsLibManager)
\a nrSetCurrentWindow(cdsLibManager)
\a nrSetCurrentWindow(cdsLibManager)
\a nrSetCurrentWindow(cdsLibManager)
\a nrSetCurrentWindow(cdsLibManager)
\a nrSetCurrentWindow(cdsLibManager)
\a nrSetCurrentWindow(cdsLibManager)
\a nrSetCurrentWindow(cdsLibManager)
\a cdsLibManager->libCatsTreeView->value = "ANTENNA"
\a cdsLibManager->catLineEdit->value = "ANTENNA"
\a cdsLibManager->cellListBox->value = nil
\a cdsLibManager->cellLineEdit->value = ""
\a cdsLibManager->cellListBox->value = "ANTENNA"
\a cdsLibManager->cellLineEdit->value = "ANTENNA"
\a cdsLibManager->viewListBox->value = "schematic"
\a cdsLibManager->viewLineEdit->value = "schematic"
\a cdsLibManager->viewLineEdit->value = ""
\a cdsLibManager->viewListBox->value = nil
\a cdsLibManager->libCatsTreeView->value = "Everything"
\a cdsLibManager->catLineEdit->value = "Everything"
\a cdsLibManager->cellListBox->value = nil
\a cdsLibManager->cellListBox->value = "ANTENNA"
\a cdsLibManager->viewListBox->value = "schematic"
\a cdsLibManager->viewLineEdit->value = "schematic"
\a cdsLibManager->viewLineEdit->value = ""
\a cdsLibManager->viewListBox->value = nil
\a cdsLibManager->libCatsTreeView->value = "Uncategorized"
\a cdsLibManager->catLineEdit->value = "Uncategorized"
\a cdsLibManager->cellListBox->value = nil
\a cdsLibManager->cellLineEdit->value = ""
\a cdsLibManager->libCatsTreeView->value = "LPCells/RDFF"
\a cdsLibManager->catLineEdit->value = "RDFF"
\a cdsLibManager->libCatsTreeView->value = "LPCells/RTLAT"
\a cdsLibManager->catLineEdit->value = "RTLAT"
\a cdsLibManager->libCatsTreeView->value = "LPCells/SRDFF"
\a cdsLibManager->catLineEdit->value = "SRDFF"
\a cdsLibManager->libCatsTreeView->value = "MX"
\a cdsLibManager->catLineEdit->value = "MX"
\a cdsLibManager->libCatsTreeView->value = "Misc"
\a cdsLibManager->catLineEdit->value = "Misc"
\a cdsLibManager->cellListBox->value = "ACHCONX2"
\a cdsLibManager->cellLineEdit->value = "ACHCONX2"
\a cdsLibManager->viewListBox->value = "schematic"
\a cdsLibManager->viewLineEdit->value = "schematic"
\a cdsLibManager->viewLineEdit->value = ""
\a cdsLibManager->viewListBox->value = nil
\a cdsLibManager->libCatsTreeView->value = "MX"
\a cdsLibManager->catLineEdit->value = "MX"
\a cdsLibManager->cellListBox->value = nil
\a cdsLibManager->cellLineEdit->value = ""
\a cdsLibManager->libCatsTreeView->value = "OA"
\a cdsLibManager->catLineEdit->value = "OA"
\a cdsLibManager->libCatsTreeView->value = "OR"
\a cdsLibManager->catLineEdit->value = "OR"
\a cdsLibManager->libCatsTreeView->value = "TIE"
\a cdsLibManager->catLineEdit->value = "TIE"
\a cdsLibManager->libCatsTreeView->value = "TLAT"
\a cdsLibManager->catLineEdit->value = "TLAT"
\a cdsLibManager->libCatsTreeView->value = "XNOR"
\a cdsLibManager->catLineEdit->value = "XNOR"
\a cdsLibManager->libCatsTreeView->value = "XOR"
\a cdsLibManager->catLineEdit->value = "XOR"
\a nrListItemExpand(cdsLibManager->libCatsTreeView "FF" t)
\a nrListItemExpand(cdsLibManager->libCatsTreeView "FF" nil)
\a nrListItemExpand(cdsLibManager->libCatsTreeView "LPCells" nil)
\a cdsLibManager->libCatsTreeView->value = "CLK"
\a cdsLibManager->catLineEdit->value = "CLK"
\a cdsLibManager->cellListBox->value = "CLKBUFX2"
\a cdsLibManager->viewListBox->value = "schematic"
\a cdsLibManager->viewLineEdit->value = "schematic"
\a cdsLibManager->cellListBox->value = "CLKBUFX20"
\a cdsLibManager->viewLineEdit->value = ""
\a cdsLibManager->viewListBox->value = nil
\a cdsLibManager->viewListBox->value = "schematic"
\a cdsLibManager->viewLineEdit->value = "schematic"
\a cdsLibManager->cellLineEdit->value = "CLKBUFX20"
\a nrSetCurrentWindow(cdsLibManager)
\a cdsLibManager->cellListBox->value = "CLKINVX4"
\a cdsLibManager->viewLineEdit->value = ""
\a cdsLibManager->viewListBox->value = nil
\a cdsLibManager->viewListBox->value = "schematic"
\a cdsLibManager->viewLineEdit->value = "schematic"
\a cdsLibManager->cellLineEdit->value = "CLKINVX4"
\a nrSetCurrentWindow(cdsLibManager)
\a nrSetCurrentWindow(cdsLibManager)
\a nrListItemExpand(cdsLibManager->libCatsTreeView "LPCells" t)
\a cdsLibManager->libCatsTreeView->value = "LPCells/ALWAYSON"
\a cdsLibManager->catLineEdit->value = "ALWAYSON"
\a cdsLibManager->cellListBox->value = nil
\a cdsLibManager->viewLineEdit->value = ""
\a cdsLibManager->viewListBox->value = nil
\a cdsLibManager->cellLineEdit->value = ""
\a cdsLibManager->libCatsTreeView->value = "LPCells/RTLAT"
\a cdsLibManager->catLineEdit->value = "RTLAT"
\a cdsLibManager->libCatsTreeView->value = "LPCells/ISO"
\a cdsLibManager->catLineEdit->value = "ISO"
\a cdsLibManager->libCatsTreeView->value = "LPCells/ALWAYSON"
\a cdsLibManager->catLineEdit->value = "ALWAYSON"
\a cdsLibManager->libCatsTreeView->value = "DECAP"
\a cdsLibManager->catLineEdit->value = "DECAP"
\a cdsLibManager->libCatsTreeView->value = "FILL"
\a cdsLibManager->catLineEdit->value = "FILL"
\a cdsLibManager->libCatsTreeView->value = "HOLD"
\a cdsLibManager->catLineEdit->value = "HOLD"
\a cdsLibManager->cellListBox->value = "HOLDX1"
\a cdsLibManager->cellLineEdit->value = "HOLDX1"
\a cdsLibManager->viewListBox->value = "schematic"
\a cdsLibManager->viewLineEdit->value = "schematic"
\a cdsLibManager->viewLineEdit->value = ""
\a cdsLibManager->viewListBox->value = nil
\a nrSetCurrentWindow(cdsLibManager)
\a cdsLibManager->viewListBox->value = "schematic"
\a cdsLibManager->viewLineEdit->value = "schematic"
\o MPS request: edit design
\a nrListItemAction(cdsLibManager->gdmXTView 1 0)
\a nrSetCurrentWindow(cdsLibManager)
\a nrSetCurrentWindow(cdsLibManager)
\a nrSetCurrentWindow(cdsLibManager)
\a cdsLibManager->libCatsTreeView->value = "ANTENNA"
\a cdsLibManager->catLineEdit->value = "ANTENNA"
\a cdsLibManager->cellListBox->value = nil
\a cdsLibManager->viewLineEdit->value = ""
\a cdsLibManager->viewListBox->value = nil
\a cdsLibManager->cellLineEdit->value = ""
\a cdsLibManager->cellListBox->value = "ANTENNA"
\a cdsLibManager->cellLineEdit->value = "ANTENNA"
\a cdsLibManager->viewListBox->value = "schematic"
\a cdsLibManager->viewLineEdit->value = "schematic"
\a cdsLibManager->viewListBox->value = nil
\a cdsLibManager->viewListBox->value = "schematic"
\o MPS request: edit design
\a nrListItemAction(cdsLibManager->gdmXTView 1 0)
\a nrSetCurrentWindow(cdsLibManager)
\a nrSetCurrentWindow(cdsLibManager)
\a cdsLibManager->libCatsTreeView->value = "LPCells/LS"
\a cdsLibManager->catLineEdit->value = "LS"
\a cdsLibManager->cellListBox->value = nil
\a cdsLibManager->viewLineEdit->value = ""
\a cdsLibManager->viewListBox->value = nil
\a cdsLibManager->cellLineEdit->value = ""
\a cdsLibManager->libCatsTreeView->value = "LPCells/ALWAYSON"
\a cdsLibManager->catLineEdit->value = "ALWAYSON"
\a cdsLibManager->libCatsTreeView->value = "LPCells/FSW"
\a cdsLibManager->catLineEdit->value = "FSW"
\a cdsLibManager->catLineEdit->value = ""
\a cdsLibManager->libCatsTreeView->value = nil
\a cdsLibManager->libCatsTreeView->value = "LPCells/ISO"
\a cdsLibManager->catLineEdit->value = "ISO"
\a cdsLibManager->libCatsTreeView->value = "LPCells/LS"
\a cdsLibManager->catLineEdit->value = "LS"
\a cdsLibManager->libCatsTreeView->value = "LPCells/RTLAT"
\a cdsLibManager->catLineEdit->value = "RTLAT"
\a cdsLibManager->libCatsTreeView->value = "Misc"
\a cdsLibManager->catLineEdit->value = "Misc"
\a cdsLibManager->cellListBox->value = "ACHCONX2"
\a cdsLibManager->cellLineEdit->value = "ACHCONX2"
\a cdsLibManager->viewListBox->value = "schematic"
\a cdsLibManager->viewLineEdit->value = "schematic"
\a cdsLibManager->viewLineEdit->value = ""
\a cdsLibManager->viewListBox->value = nil
\a cdsLibManager->viewListBox->value = "schematic"
\a cdsLibManager->viewLineEdit->value = "schematic"
\o MPS request: edit design
\a nrListItemAction(cdsLibManager->gdmXTView 1 0)
\a nrSetCurrentWindow(cdsLibManager)
\a nrSetCurrentWindow(cdsLibManager)
\a nrSetCurrentWindow(cdsLibManager)
\a cdsLibManager->libCatsTreeView->value = "TLAT"
\a cdsLibManager->catLineEdit->value = "TLAT"
\a cdsLibManager->cellListBox->value = nil
\a cdsLibManager->viewLineEdit->value = ""
\a cdsLibManager->viewListBox->value = nil
\a cdsLibManager->cellLineEdit->value = ""
\a cdsLibManager->libCatsTreeView->value = "TIE"
\a cdsLibManager->catLineEdit->value = "TIE"
\a cdsLibManager->cellListBox->value = "TIEHI"
\a cdsLibManager->viewListBox->value = "schematic"
\a cdsLibManager->viewLineEdit->value = "schematic"
\a nrListItemAction(cdsLibManager->cellListBox 0 0)
\a cdsLibManager->viewLineEdit->value = ""
\a cdsLibManager->viewListBox->value = nil
\o MPS request: edit design
\a cdsLibManager->cellLineEdit->value = "TIEHI"
\a nrSetCurrentWindow(cdsLibManager)
\a nrSetCurrentWindow(cdsLibManager)
\a nrSetCurrentWindow(cdsLibManager)
\a nrSetCurrentWindow(cdsLibManager)
\a cdsLibManager->cellListBox->value = "TIELO"
\a cdsLibManager->viewListBox->value = "schematic"
\a cdsLibManager->viewLineEdit->value = "schematic"
\a nrListItemAction(cdsLibManager->cellListBox 1 0)
\a cdsLibManager->viewLineEdit->value = ""
\a cdsLibManager->viewListBox->value = nil
\o MPS request: edit design
\a cdsLibManager->cellLineEdit->value = "TIELO"
\a nrSetCurrentWindow(cdsLibManager)
\a nrSetCurrentWindow(cdsLibManager)
\a nrSetCurrentWindow(cdsLibManager)
\a nrSetCurrentWindow(cdsLibManager)
\a cdsLibManager->libCatsTreeView->value = "LPCells/ISO"
\a cdsLibManager->catLineEdit->value = "ISO"
\a cdsLibManager->cellListBox->value = nil
\a cdsLibManager->cellLineEdit->value = ""
\a cdsLibManager->libCatsTreeView->value = "AO"
\a cdsLibManager->catLineEdit->value = "AO"
\a cdsLibManager->libCatsTreeView->value = "AND"
\a cdsLibManager->catLineEdit->value = "AND"
\a cdsLibManager->libCatsTreeView->value = "ADD"
\a cdsLibManager->catLineEdit->value = "ADD"
\a cdsLibManager->libCatsTreeView->value = "CLK"
\a cdsLibManager->catLineEdit->value = "CLK"
\a cdsLibManager->libCatsTreeView->value = "DLY"
\a cdsLibManager->catLineEdit->value = "DLY"
\a cdsLibManager->libCatsTreeView->value = "FF"
\a cdsLibManager->catLineEdit->value = "FF"
\a cdsLibManager->libCatsTreeView->value = "FILL"
\a cdsLibManager->catLineEdit->value = "FILL"
\a cdsLibManager->cellListBox->value = "FILL16"
\a cdsLibManager->viewListBox->value = "schematic"
\a cdsLibManager->viewLineEdit->value = "schematic"
\a nrListItemAction(cdsLibManager->cellListBox 4 0)
\a cdsLibManager->viewLineEdit->value = ""
\a cdsLibManager->viewListBox->value = nil
\o MPS request: edit design
\a cdsLibManager->cellLineEdit->value = "FILL16"
\a nrSetCurrentWindow(cdsLibManager)
\a nrSetCurrentWindow(cdsLibManager)
\a nrSetCurrentWindow(cdsLibManager)
\a cdsLibManager->libCatsTreeView->value = "Everything"
\a cdsLibManager->catLineEdit->value = "Everything"
\a cdsLibManager->cellListBox->value = nil
\a cdsLibManager->cellListBox->value = "FILL16"
\a cdsLibManager->viewListBox->value = "schematic"
\a cdsLibManager->viewLineEdit->value = "schematic"
\a cdsLibManager->libCatsTreeView->value = "Uncategorized"
\a cdsLibManager->catLineEdit->value = "Uncategorized"
\a cdsLibManager->cellListBox->value = nil
\a cdsLibManager->viewLineEdit->value = ""
\a cdsLibManager->viewListBox->value = nil
\a cdsLibManager->cellLineEdit->value = ""
\a cdsLibManager->cellListBox->value = "altos_dff_err"
\a cdsLibManager->viewListBox->value = "functional"
\a cdsLibManager->viewLineEdit->value = "functional"
\a cdsLibManager->cellListBox->value = "altos_dff_r"
\a cdsLibManager->viewLineEdit->value = ""
\a cdsLibManager->viewListBox->value = nil
\a cdsLibManager->viewListBox->value = "functional"
\a cdsLibManager->viewLineEdit->value = "functional"
\a cdsLibManager->cellListBox->value = "altos_dff_r_err"
\a cdsLibManager->viewLineEdit->value = ""
\a cdsLibManager->viewListBox->value = nil
\a cdsLibManager->viewListBox->value = "functional"
\a cdsLibManager->viewLineEdit->value = "functional"
\a cdsLibManager->cellListBox->value = "altos_dff_s"
\a cdsLibManager->viewLineEdit->value = ""
\a cdsLibManager->viewListBox->value = nil
\a cdsLibManager->viewListBox->value = "functional"
\a cdsLibManager->viewLineEdit->value = "functional"
\a cdsLibManager->cellListBox->value = "altos_dff_s_err"
\a cdsLibManager->viewLineEdit->value = ""
\a cdsLibManager->viewListBox->value = nil
\a cdsLibManager->viewListBox->value = "functional"
\a cdsLibManager->viewLineEdit->value = "functional"
\a cdsLibManager->cellListBox->value = "altos_dff_sr_0"
\a cdsLibManager->viewLineEdit->value = ""
\a cdsLibManager->viewListBox->value = nil
\a cdsLibManager->viewListBox->value = "functional"
\a cdsLibManager->viewLineEdit->value = "functional"
\a cdsLibManager->cellListBox->value = "altos_dff_sr_1"
\a cdsLibManager->viewLineEdit->value = ""
\a cdsLibManager->viewListBox->value = nil
\a cdsLibManager->viewListBox->value = "functional"
\a cdsLibManager->viewLineEdit->value = "functional"
\a cdsLibManager->cellListBox->value = "altos_dff_sr_err"
\a cdsLibManager->viewLineEdit->value = ""
\a cdsLibManager->viewListBox->value = nil
\a cdsLibManager->viewListBox->value = "functional"
\a cdsLibManager->viewLineEdit->value = "functional"
\a cdsLibManager->cellListBox->value = "altos_latch"
\a cdsLibManager->viewLineEdit->value = ""
\a cdsLibManager->viewListBox->value = nil
\a cdsLibManager->viewListBox->value = "functional"
\a cdsLibManager->viewLineEdit->value = "functional"
\a cdsLibManager->cellListBox->value = "altos_latch_r"
\a cdsLibManager->viewLineEdit->value = ""
\a cdsLibManager->viewListBox->value = nil
\a cdsLibManager->viewListBox->value = "functional"
\a cdsLibManager->viewLineEdit->value = "functional"
\a cdsLibManager->cellListBox->value = "altos_latch_s"
\a cdsLibManager->viewLineEdit->value = ""
\a cdsLibManager->viewListBox->value = nil
\a cdsLibManager->viewListBox->value = "functional"
\a cdsLibManager->viewLineEdit->value = "functional"
\a cdsLibManager->cellListBox->value = "altos_latch_sr_0"
\a cdsLibManager->viewLineEdit->value = ""
\a cdsLibManager->viewListBox->value = nil
\a cdsLibManager->viewListBox->value = "functional"
\a cdsLibManager->viewLineEdit->value = "functional"
\a cdsLibManager->cellListBox->value = "altos_latch_sr_1"
\a cdsLibManager->viewLineEdit->value = ""
\a cdsLibManager->viewListBox->value = nil
\a cdsLibManager->viewListBox->value = "functional"
\a cdsLibManager->viewLineEdit->value = "functional"
\a cdsLibManager->cellListBox->value = "altos_latch_sr_0"
\a cdsLibManager->viewLineEdit->value = ""
\a cdsLibManager->viewListBox->value = nil
\a cdsLibManager->viewListBox->value = "functional"
\a cdsLibManager->viewLineEdit->value = "functional"
\a cdsLibManager->cellListBox->value = "altos_latch_s"
\a cdsLibManager->viewLineEdit->value = ""
\a cdsLibManager->viewListBox->value = nil
\a cdsLibManager->viewListBox->value = "functional"
\a cdsLibManager->viewLineEdit->value = "functional"
\a cdsLibManager->cellListBox->value = "altos_latch_r"
\a cdsLibManager->viewLineEdit->value = ""
\a cdsLibManager->viewListBox->value = nil
\a cdsLibManager->viewListBox->value = "functional"
\a cdsLibManager->viewLineEdit->value = "functional"
\a cdsLibManager->cellListBox->value = "altos_latch"
\a cdsLibManager->viewLineEdit->value = ""
\a cdsLibManager->viewListBox->value = nil
\a cdsLibManager->viewListBox->value = "functional"
\a cdsLibManager->viewLineEdit->value = "functional"
\a cdsLibManager->cellListBox->value = "altos_dff_sr_err"
\a cdsLibManager->viewLineEdit->value = ""
\a cdsLibManager->viewListBox->value = nil
\a cdsLibManager->viewListBox->value = "functional"
\a cdsLibManager->viewLineEdit->value = "functional"
\a cdsLibManager->cellListBox->value = "altos_dff_sr_1"
\a cdsLibManager->viewLineEdit->value = ""
\a cdsLibManager->viewListBox->value = nil
\a cdsLibManager->viewListBox->value = "functional"
\a cdsLibManager->viewLineEdit->value = "functional"
\a cdsLibManager->cellListBox->value = "altos_dff_sr_0"
\a cdsLibManager->viewLineEdit->value = ""
\a cdsLibManager->viewListBox->value = nil
\a cdsLibManager->viewListBox->value = "functional"
\a cdsLibManager->viewLineEdit->value = "functional"
\a cdsLibManager->cellListBox->value = "altos_dff_s_err"
\a cdsLibManager->viewLineEdit->value = ""
\a cdsLibManager->viewListBox->value = nil
\a cdsLibManager->viewListBox->value = "functional"
\a cdsLibManager->viewLineEdit->value = "functional"
\a cdsLibManager->cellListBox->value = "altos_dff_s"
\a cdsLibManager->viewLineEdit->value = ""
\a cdsLibManager->viewListBox->value = nil
\a cdsLibManager->viewListBox->value = "functional"
\a cdsLibManager->viewLineEdit->value = "functional"
\a cdsLibManager->cellListBox->value = "altos_dff_r_err"
\a cdsLibManager->viewLineEdit->value = ""
\a cdsLibManager->viewListBox->value = nil
\a cdsLibManager->viewListBox->value = "functional"
\a cdsLibManager->viewLineEdit->value = "functional"
\a cdsLibManager->cellListBox->value = "altos_dff_r"
\a cdsLibManager->viewLineEdit->value = ""
\a cdsLibManager->viewListBox->value = nil
\a cdsLibManager->viewListBox->value = "functional"
\a cdsLibManager->viewLineEdit->value = "functional"
\a cdsLibManager->cellListBox->value = "altos_dff_err"
\a cdsLibManager->viewLineEdit->value = ""
\a cdsLibManager->viewListBox->value = nil
\a cdsLibManager->viewListBox->value = "functional"
\a cdsLibManager->viewLineEdit->value = "functional"
\a cdsLibManager->cellListBox->value = "altos_dff"
\a cdsLibManager->viewLineEdit->value = ""
\a cdsLibManager->viewListBox->value = nil
\a cdsLibManager->viewListBox->value = "functional"
\a cdsLibManager->viewLineEdit->value = "functional"
\a cdsLibManager->cellListBox->value = "Makefile"
\a cdsLibManager->viewLineEdit->value = ""
\a cdsLibManager->viewListBox->value = nil
\a cdsLibManager->cellLineEdit->value = "Makefile"
\a cdsLibManager->cellLineEdit->value = "Makefile"
\a nrSetCurrentWindow(cdsLibManager)
\a cdsLibManager->libListBox->value = "gsclib045_tech"
\a cdsLibManager->libCatsTreeView->value = nil
\a cdsLibManager->catLineEdit->value = ""
\a cdsLibManager->cellListBox->value = nil
\a cdsLibManager->cellLineEdit->value = ""
\a cdsLibManager->libCatsTreeView->value = "Everything"
\a cdsLibManager->catLineEdit->value = "Everything"
\a cdsLibManager->libCatsTreeView->value = "Uncategorized"
\a cdsLibManager->catLineEdit->value = "Uncategorized"
\a cdsLibManager->libLineEdit->value = "gsclib045_tech"
\a cdsLibManager->libCatsTreeView->value = "digitalCustomVias"
\a cdsLibManager->catLineEdit->value = "digitalCustomVias"
\a cdsLibManager->libCatsTreeView->value = "stdCellTemplate"
\a cdsLibManager->catLineEdit->value = "stdCellTemplate"
\a cdsLibManager->cellListBox->value = "cellTmpl"
\a cdsLibManager->cellLineEdit->value = "cellTmpl"
\a cdsLibManager->viewListBox->value = "layout"
\a cdsLibManager->viewLineEdit->value = "layout"
\a cdsLibManager->viewLineEdit->value = ""
\a cdsLibManager->viewListBox->value = nil
\a cdsLibManager->viewLineEdit->value = "layout"
\a cdsLibManager->viewListBox->value = "layout"
\a cdsLibManager->libCatsTreeView->value = "digitalCustomVias"
\a cdsLibManager->catLineEdit->value = "digitalCustomVias"
\a cdsLibManager->cellListBox->value = nil
\a cdsLibManager->viewLineEdit->value = ""
\a cdsLibManager->viewListBox->value = nil
\a cdsLibManager->cellLineEdit->value = ""
\a cdsLibManager->libCatsTreeView->value = "Uncategorized"
\a cdsLibManager->catLineEdit->value = "Uncategorized"
\a cdsLibManager->libCatsTreeView->value = "Everything"
\a cdsLibManager->catLineEdit->value = "Everything"
\a cdsLibManager->cellListBox->value = "cellTmpl"
\a cdsLibManager->viewListBox->value = "layout"
\a cdsLibManager->viewLineEdit->value = "layout"
\a cdsLibManager->cellListBox->value = "M11_M10_2x1_VH_E"
\a cdsLibManager->viewLineEdit->value = ""
\a cdsLibManager->viewListBox->value = nil
\a cdsLibManager->viewListBox->value = "via"
\a cdsLibManager->viewLineEdit->value = "via"
\a cdsLibManager->cellListBox->value = "M11_M10_HV_NEW"
\a cdsLibManager->viewLineEdit->value = ""
\a cdsLibManager->viewListBox->value = nil
\a cdsLibManager->viewListBox->value = "via"
\a cdsLibManager->viewLineEdit->value = "via"
\a cdsLibManager->cellListBox->value = "M11_M10_VH"
\a cdsLibManager->viewLineEdit->value = ""
\a cdsLibManager->viewListBox->value = nil
\a cdsLibManager->viewListBox->value = "via"
\a cdsLibManager->viewLineEdit->value = "via"
\a cdsLibManager->cellListBox->value = "M11_M10_VV"
\a cdsLibManager->viewLineEdit->value = ""
\a cdsLibManager->viewListBox->value = nil
\a cdsLibManager->viewListBox->value = "via"
\a cdsLibManager->viewLineEdit->value = "via"
\a cdsLibManager->cellListBox->value = "cellTmpl"
\a cdsLibManager->viewLineEdit->value = ""
\a cdsLibManager->viewListBox->value = nil
\a cdsLibManager->viewListBox->value = "layout"
\a cdsLibManager->viewLineEdit->value = "layout"
\a cdsLibManager->cellLineEdit->value = "cellTmpl"
\a cdsLibManager->viewListBox->value = nil
\a cdsLibManager->viewListBox->value = "layout"
\o MPS request: edit design
\a nrListItemAction(cdsLibManager->gdmXTView 0 0)
\a nrSetCurrentWindow(cdsLibManager)
\a nrSetCurrentWindow(cdsLibManager)
\a nrSetCurrentWindow(cdsLibManager)
\a nrSetCurrentWindow(cdsLibManager)
\a cdsLibManager->libCatsTreeView->value = "digitalCustomVias"
\a cdsLibManager->catLineEdit->value = "digitalCustomVias"
\a cdsLibManager->cellListBox->value = nil
\a cdsLibManager->viewLineEdit->value = ""
\a cdsLibManager->viewListBox->value = nil
\a cdsLibManager->cellLineEdit->value = ""
\a cdsLibManager->libCatsTreeView->value = "Uncategorized"
\a cdsLibManager->catLineEdit->value = "Uncategorized"
\a cdsLibManager->libCatsTreeView->value = "stdCellTemplate"
\a cdsLibManager->catLineEdit->value = "stdCellTemplate"
\a cdsLibManager->cellListBox->value = "cellTmpl"
\a cdsLibManager->cellLineEdit->value = "cellTmpl"
\a cdsLibManager->viewListBox->value = "layout"
\a cdsLibManager->viewLineEdit->value = "layout"
\a cdsLibManager->viewLineEdit->value = ""
\a cdsLibManager->viewListBox->value = nil
\a cdsLibManager->viewLineEdit->value = "layout"
\a cdsLibManager->viewListBox->value = "layout"
\a cdsLibManager->libCatsTreeView->value = "Everything"
\a cdsLibManager->catLineEdit->value = "Everything"
\a cdsLibManager->cellListBox->value = nil
\a cdsLibManager->viewListBox->value = nil
\a cdsLibManager->viewLineEdit->value = ""
\a cdsLibManager->cellListBox->value = "cellTmpl"
\a cdsLibManager->viewListBox->value = "layout"
\a cdsLibManager->viewLineEdit->value = "layout"
\a cdsLibManager->libListBox->value = "gpdk045"
\a cdsLibManager->libCatsTreeView->value = nil
\a cdsLibManager->catLineEdit->value = ""
\a cdsLibManager->cellListBox->value = nil
\a cdsLibManager->viewLineEdit->value = ""
\a cdsLibManager->viewListBox->value = nil
\a cdsLibManager->cellLineEdit->value = ""
\a cdsLibManager->libCatsTreeView->value = "Everything"
\a cdsLibManager->catLineEdit->value = "Everything"
\a cdsLibManager->libLineEdit->value = "gpdk045"
\a nrListItemExpand(cdsLibManager->libCatsTreeView "resistors" t)
\a cdsLibManager->libCatsTreeView->value = "resistors/diffusion"
\a cdsLibManager->catLineEdit->value = "diffusion"
\a cdsLibManager->libCatsTreeView->value = "resistors/metal"
\a cdsLibManager->catLineEdit->value = "metal"
\a cdsLibManager->libCatsTreeView->value = "resistors/nwell"
\a cdsLibManager->catLineEdit->value = "nwell"
\a cdsLibManager->libCatsTreeView->value = "resistors/poly"
\a cdsLibManager->catLineEdit->value = "poly"
\a cdsLibManager->libCatsTreeView->value = "Everything"
\a cdsLibManager->catLineEdit->value = "Everything"
\a cdsLibManager->libCatsTreeView->value = "Uncategorized"
\a cdsLibManager->catLineEdit->value = "Uncategorized"
\a cdsLibManager->libCatsTreeView->value = "bipolar"
\a cdsLibManager->catLineEdit->value = "bipolar"
\a cdsLibManager->libCatsTreeView->value = "cap"
\a cdsLibManager->catLineEdit->value = "cap"
\a cdsLibManager->cellListBox->value = "mimcap"
\a cdsLibManager->cellLineEdit->value = "mimcap"
\a cdsLibManager->viewListBox->value = "layout"
\a cdsLibManager->viewLineEdit->value = "layout"
\a cdsLibManager->viewLineEdit->value = ""
\a cdsLibManager->viewListBox->value = nil
\a cdsLibManager->libCatsTreeView->value = "diode"
\a cdsLibManager->catLineEdit->value = "diode"
\a cdsLibManager->cellListBox->value = nil
\a cdsLibManager->cellLineEdit->value = ""
\a cdsLibManager->libCatsTreeView->value = "ind"
\a cdsLibManager->catLineEdit->value = "ind"
\a cdsLibManager->libCatsTreeView->value = "mos"
\a cdsLibManager->catLineEdit->value = "mos"
\a cdsLibManager->libCatsTreeView->value = "moscap"
\a cdsLibManager->catLineEdit->value = "moscap"
\a nrSetCurrentWindow(cdsLibManager)
\a nrSetCurrentWindow(cdsLibManager)
\a nrSetCurrentWindow(cdsLibManager)
\a nrSetCurrentWindow(cdsLibManager)
\a nrSetCurrentWindow(cdsLibManager)
\a nrSetCurrentWindow(cdsLibManager)
\a cdsLibManager->libListBox->value = "gsclib045"
\a cdsLibManager->libCatsTreeView->value = nil
\a cdsLibManager->catLineEdit->value = ""
\a cdsLibManager->libCatsTreeView->value = "Everything"
\a cdsLibManager->catLineEdit->value = "Everything"
\a cdsLibManager->libLineEdit->value = "gsclib045"
\a nrListItemExpand(cdsLibManager->libCatsTreeView "LPCells" t)
\a cdsLibManager->libCatsTreeView->value = "LPCells/HSW"
\a cdsLibManager->catLineEdit->value = "HSW"
\a nrSetCurrentWindow(cdsLibManager)
\a nrSetCurrentWindow(cdsLibManager)
\a nrSetCurrentWindow(cdsLibManager)
\a cdsLibManager->copySimpleButton->value = t
\a basicCopyForm->CategoryCellsEdit->value = "*"
\a basicCopyForm->CellsSkipLibraries->value = t
\a basicCopyForm->CellsSkipLibrariesEdit->value = "*"
\a basicCopyForm->CellsSkipLibrariesEdit->value = "*"
\a basicCopyForm->ViewsSkipLibraries->value = t
\a basicCopyForm->ViewsSkipLibrariesEdit->value = "*"
\a basicCopyForm->CopyFromLibrary->value = "US_8ths"
\a basicCopyForm->CopyToLibrary->value = "US_8ths"
\a basicCopyForm->CopyFromLibrary->value = "gsclib045"
\a basicCopyForm->CopyToLibrary->value = "gsclib045"
\a basicCopyForm->CellsSkipLibrariesEdit->value = ""
\a basicCopyForm->CellsSkipLibrariesEdit->value = "US_8ths analogLib basic cdsDefTechLib gpdk045 gsclib045_tech"
\a basicCopyForm->ViewsSkipLibrariesEdit->value = "US_8ths analogLib basic cdsDefTechLib gpdk045 gsclib045_tech"
\a nrSetWindowVisibility(basicCopyForm "show")
\a nrSetCurrentWindow(basicCopyForm)
\a nrResizeWindow(basicCopyForm list(1635 411 322 375))
\a nrSetCurrentWindow(cdsLibManager)
\a nrSetCurrentWindow(basicCopyForm)
\a nrSetCurrentWindow(cdsLibManager)
\a nrSetCurrentWindow(basicCopyForm)
\a basicCopyForm->Cancel->value = t
\a nrSetCurrentWindow(cdsLibManager)
\a cdsLibManager->libCatsTreeView->value = "LPCells/ALWAYSON"
\a cdsLibManager->catLineEdit->value = "ALWAYSON"
\a nrSetCurrentWindow(cdsLibManager)
\a cdsLibManager->libCatsTreeView->value = "LPCells/RDFF"
\a cdsLibManager->catLineEdit->value = "RDFF"
\a cdsLibManager->cellListBox->value = "RDFFRQX1"
\a cdsLibManager->viewListBox->value = "layout"
\a cdsLibManager->viewLineEdit->value = "layout"
\a cdsLibManager->cellLineEdit->value = "RDFFRQX1"
\a cdsLibManager->libCatsTreeView->value = "LPCells/SRDFF"
\a cdsLibManager->catLineEdit->value = "SRDFF"
\a cdsLibManager->cellListBox->value = nil
\a cdsLibManager->viewLineEdit->value = ""
\a cdsLibManager->viewListBox->value = nil
\a cdsLibManager->cellLineEdit->value = ""
\a nrSetCurrentWindow(cdsLibManager)
\a nrSetCurrentWindow(cdsLibManager)
\a nrSetCurrentWindow(cdsLibManager)
\a nrSetCurrentWindow(cdsLibManager)
\a cdsLibManager->libCatsTreeView->value = "LPCells/HSW"
\a cdsLibManager->catLineEdit->value = "HSW"
\a nrSetCurrentWindow(cdsLibManager)
\a nrSetCurrentWindow(cdsLibManager)
\a nrSetCurrentWindow(cdsLibManager)
\a nrSetCurrentWindow(cdsLibManager)
\a nrSetCurrentWindow(cdsLibManager)
\a nrSetCurrentWindow(cdsLibManager)
\a nrSetCurrentWindow(cdsLibManager)
\a nrSetCurrentWindow(cdsLibManager)
\a nrSetCurrentWindow(cdsLibManager)
\a nrSetCurrentWindow(cdsLibManager)
\a nrSetCurrentWindow(cdsLibManager)
\a nrSetCurrentWindow(cdsLibManager)
\a nrSetCurrentWindow(cdsLibManager)
\a nrSetCurrentWindow(cdsLibManager)
\a nrSetCurrentWindow(cdsLibManager)
\a nrSetCurrentWindow(cdsLibManager)
\a nrSetCurrentWindow(cdsLibManager)
\a nrSetCurrentWindow(cdsLibManager)
\a nrSetCurrentWindow(cdsLibManager)
\a nrSetCurrentWindow(cdsLibManager)
\a nrSetCurrentWindow(cdsLibManager)
\a nrSetCurrentWindow(cdsLibManager)
\a nrSetCurrentWindow(cdsLibManager)
\a nrSetCurrentWindow(cdsLibManager)
\a nrSetCurrentWindow(cdsLibManager)
\a nrSetCurrentWindow(cdsLibManager)
\a nrSetCurrentWindow(cdsLibManager)
\a nrSetCurrentWindow(cdsLibManager)
\a nrSetCurrentWindow(cdsLibManager)
\a nrSetCurrentWindow(cdsLibManager)
\a nrSetCurrentWindow(cdsLibManager)
\a nrSetCurrentWindow(cdsLibManager)
\a nrSetCurrentWindow(cdsLibManager)
\a nrSetCurrentWindow(cdsLibManager)
\a nrSetCurrentWindow(cdsLibManager)
\a nrSetCurrentWindow(cdsLibManager)
\a nrSetCurrentWindow(cdsLibManager)
\a nrSetCurrentWindow(cdsLibManager)
\a nrSetCurrentWindow(cdsLibManager)
\a nrSetCurrentWindow(cdsLibManager)
\a nrSetCurrentWindow(cdsLibManager)
\a nrSetCurrentWindow(cdsLibManager)
\a nrSetCurrentWindow(cdsLibManager)
\a nrSetCurrentWindow(cdsLibManager)
\a nrSetCurrentWindow(cdsLibManager)
\a nrSetCurrentWindow(cdsLibManager)
\a nrSetCurrentWindow(cdsLibManager)
\a nrSetCurrentWindow(cdsLibManager)
\a nrSetCurrentWindow(cdsLibManager)
\a nrSetCurrentWindow(cdsLibManager)
\a nrSetCurrentWindow(cdsLibManager)
\a nrSetCurrentWindow(cdsLibManager)
\a nrSetCurrentWindow(cdsLibManager)
\a nrSetCurrentWindow(cdsLibManager)
\a nrSetCurrentWindow(cdsLibManager)
\a nrSetCurrentWindow(cdsLibManager)
\a nrSetCurrentWindow(cdsLibManager)
\a nrSetCurrentWindow(cdsLibManager)
\a nrSetCurrentWindow(cdsLibManager)
\a nrSetCurrentWindow(cdsLibManager)
\a nrSetCurrentWindow(cdsLibManager)
\a nrSetCurrentWindow(cdsLibManager)
\a nrSetCurrentWindow(cdsLibManager)
\o MPS service: shutdown
\o libManager is exiting.
\a nrSetWindowVisibility(cdsLibManager "hide")
\a exit(0)
