METAL_1    | (23.5, 62.55)
METAL_1    | (23.9, 59.47)
METAL_1    | (24.5, 66.31)
METAL_1    | (24.715, 73.15)
METAL_1    | (24.3075, 100.51)
METAL_1    | (24.6, 117.61)
METAL_1    | (25.3, 103.93)
METAL_1    | (25.3, 110.77)
METAL_1    | (25.555, 121.03)
METAL_1    | (25.7, 66.31)
METAL_1    | (26.1175, 73.15)
METAL_1    | (26.09, 114.19)
METAL_1    | (26.11, 45.79)
METAL_1    | (26.5075, 59.2)
METAL_1    | (26.4, 62.89)
METAL_1    | (26.715, 100.51)
METAL_1    | (26.355, 117.61)
METAL_1    | (22.2, 32.11)
METAL_1    | (26.9, 83.41)
METAL_1    | (27.51, 103.93)
METAL_1    | (27.895, 79.99)
METAL_1    | (27.89, 110.77)
METAL_1    | (28.095, 69.73)
METAL_1    | (27.67, 86.83)
METAL_1    | (27.91, 97.09)
METAL_1    | (28.135, 113.92)
METAL_1    | (28.3, 100.51)
METAL_1    | (28.495, 117.61)
METAL_1    | (28.51, 38.95)
METAL_1    | (25.3, 107.35)
METAL_1    | (29.095, 69.73)
METAL_1    | (29.29, 62.89)
METAL_1    | (28.07, 66.31)
METAL_1    | (27.89, 59.47)
METAL_1    | (28.87, 83.41)
METAL_1    | (29.7125, 97.09)
METAL_1    | (29.3, 103.59)
METAL_1    | (29.7, 114.19)
METAL_1    | (29.8, 124.45)
METAL_1    | (29.6, 117.61)
METAL_1    | (29.5, 79.99)
METAL_1    | (30.09, 110.77)
METAL_1    | (27.4, 52.63)
METAL_1    | (30.36, 69.73)
METAL_1    | (31.265, 83.41)
METAL_1    | (30.6, 97.09)
METAL_1    | (31.495, 66.065)
METAL_1    | (30.89, 73.15)
METAL_1    | (31.51, 107.35)
METAL_1    | (31.69, 114.19)
METAL_1    | (31.7, 59.47)
METAL_1    | (31.47, 124.45)
METAL_1    | (31.7, 103.93)
METAL_1    | (32.115, 117.61)
METAL_1    | (31.91, 134.71)
METAL_1    | (32.315, 121.03)
METAL_1    | (32.3, 56.05)
METAL_1    | (32.3, 110.77)
METAL_1    | (31.31, 62.89)
METAL_1    | (32.49, 69.73)
METAL_1    | (32.715, 100.51)
METAL_1    | (22.2, 25.27)
METAL_1    | (32.9, 106.922)
METAL_1    | (30.51, 138.13)
METAL_1    | (33.285, 79.99)
METAL_1    | (33.3225, 73.15)
METAL_1    | (33.295, 113.91)
METAL_1    | (33.71, 66.31)
METAL_1    | (34.155, 86.83)
METAL_1    | (33.905, 97.09)
METAL_1    | (34.1, 121.03)
METAL_1    | (33.49, 141.55)
METAL_1    | (34.155, 62.89)
METAL_1    | (34.065, 69.73)
METAL_1    | (33.91, 56.05)
METAL_1    | (34.915, 103.93)
METAL_1    | (34.915, 110.77)
METAL_1    | (35.09, 100.51)
METAL_1    | (34.71, 138.13)
METAL_1    | (33.51, 83.41)
METAL_1    | (35.49, 114.19)
METAL_1    | (34, 131.29)
METAL_1    | (35.915, 73.15)
METAL_1    | (35.5, 107.35)
METAL_1    | (35.9, 59.47)
METAL_1    | (35.8, 62.89)
METAL_1    | (34.89, 117.61)
METAL_1    | (36.11, 69.73)
METAL_1    | (36, 79.99)
METAL_1    | (36.4, 38.95)
METAL_1    | (33.6, 90.25)
METAL_1    | (35.955, 121.03)
METAL_1    | (36.5, 131.29)
METAL_1    | (36.71, 32.11)
METAL_1    | (36.4, 86.83)
METAL_1    | (35.905, 56.05)
METAL_1    | (36.1, 66.31)
METAL_1    | (36.9, 110.77)
METAL_1    | (36.9, 134.71)
METAL_1    | (37.105, 97.09)
METAL_1    | (37.715, 114.19)
METAL_1    | (37.915, 117.61)
METAL_1    | (37.065, 52.63)
METAL_1    | (38.115, 131.29)
METAL_1    | (37, 59.47)
METAL_1    | (37.91, 62.89)
METAL_1    | (37.7, 103.93)
METAL_1    | (38.1, 120.603)
METAL_1    | (38.27, 83.41)
METAL_1    | (38.5, 106.922)
METAL_1    | (38.5, 110.77)
METAL_1    | (38.7, 134.71)
METAL_1    | (38.5, 66.31)
METAL_1    | (39.115, 100.51)
METAL_1    | (38.91, 97.09)
METAL_1    | (39.315, 114.19)
METAL_1    | (38.3, 56.05)
METAL_1    | (39.1, 59.47)
METAL_1    | (39.2825, 79.99)
METAL_1    | (39.9075, 117.61)
METAL_1    | (39.9075, 131.29)
METAL_1    | (39.3, 138.13)
METAL_1    | (39.5, 141.55)
METAL_1    | (40.49, 110.77)
METAL_1    | (38.755, 52.63)
METAL_1    | (40.715, 107.35)
METAL_1    | (40.71, 32.11)
METAL_1    | (40.71, 100.51)
METAL_1    | (40.9, 79.99)
METAL_1    | (41.295, 38.95)
METAL_1    | (40.555, 114.19)
METAL_1    | (41.3, 134.71)
METAL_1    | (28.6, 28.69)
METAL_1    | (41.715, 83.41)
METAL_1    | (37.555, 42.37)
METAL_1    | (32.895, 93.67)
METAL_1    | (41.9, 79.5625)
METAL_1    | (42.265, 90.25)
METAL_1    | (42.11, 138.13)
METAL_1    | (42.2, 32.11)
METAL_1    | (39.7, 62.89)
METAL_1    | (37.71, 127.87)
METAL_1    | (42.705, 110.77)
METAL_1    | (43.1, 134.465)
METAL_1    | (43.495, 93.67)
METAL_1    | (43.515, 114.19)
METAL_1    | (43.51, 38.95)
METAL_1    | (41.915, 86.83)
METAL_1    | (43.865, 90.25)
METAL_1    | (43.7, 107.35)
METAL_1    | (44.1, 138.13)
METAL_1    | (44.11, 141.55)
METAL_1    | (44.3, 79.99)
METAL_1    | (44.5, 97.09)
METAL_1    | (44.715, 110.77)
METAL_1    | (44.5, 42.37)
METAL_1    | (45.115, 93.67)
METAL_1    | (45.1, 100.17)
METAL_1    | (45.3125, 114.19)
METAL_1    | (45.3, 38.95)
METAL_1    | (45.9, 35.53)
METAL_1    | (45.29, 86.83)
METAL_1    | (45.3, 90.25)
METAL_1    | (45.9, 100.17)
METAL_1    | (45.8, 141.55)
METAL_1    | (46.295, 97.09)
METAL_1    | (46.5, 93.67)
METAL_1    | (46.7, 38.95)
METAL_1    | (46.895, 107.35)
METAL_1    | (46.505, 114.19)
METAL_1    | (47.07, 110.77)
METAL_1    | (34.8, 49.21)
METAL_1    | (46.9, 90.25)
METAL_1    | (46.9025, 32.11)
METAL_1    | (47.5, 93.67)
METAL_1    | (47.7, 97.09)
METAL_1    | (47.7, 52.63)
METAL_1    | (47.755, 86.83)
METAL_1    | (47.8, 141.55)
METAL_1    | (47.905, 28.69)
METAL_1    | (48.465, 35.53)
METAL_1    | (48.485, 69.73)
METAL_1    | (36.7, 73.15)
METAL_1    | (48.71, 90.25)
METAL_1    | (48.915, 114.19)
METAL_1    | (48.8975, 38.6625)
METAL_1    | (48.705, 110.77)
METAL_1    | (45.3, 138.13)
METAL_1    | (49.11, 83.41)
METAL_1    | (49.075, 93.67)
METAL_1    | (39.5, 103.93)
METAL_1    | (49.51, 107.35)
METAL_1    | (50.145, 100.51)
METAL_1    | (50.11, 131.29)
METAL_1    | (49.71, 141.55)
METAL_1    | (50.5175, 35.53)
METAL_1    | (40.91, 56.05)
METAL_1    | (49.2, 66.31)
METAL_1    | (49.5, 52.63)
METAL_1    | (50.555, 110.77)
METAL_1    | (50.51, 114.19)
METAL_1    | (50.31, 138.13)
METAL_1    | (50.5, 93.67)
METAL_1    | (46.51, 124.45)
METAL_1    | (51.11, 107.35)
METAL_1    | (51.29, 121.03)
METAL_1    | (51, 83.41)
METAL_1    | (51.5, 110.343)
METAL_1    | (51.885, 73.15)
METAL_1    | (51.7, 86.83)
METAL_1    | (52.485, 25.27)
METAL_1    | (52.305, 83.17)
METAL_1    | (52.5125, 107.35)
METAL_1    | (51.6, 131.29)
METAL_1    | (52.285, 21.85)
METAL_1    | (50.105, 76.57)
METAL_1    | (52.2, 121.03)
METAL_1    | (52.11, 127.87)
METAL_1    | (52.71, 117.61)
METAL_1    | (52.285, 35.53)
METAL_1    | (53.085, 110.77)
METAL_1    | (52.875, 100.51)
METAL_1    | (52.9, 114.19)
METAL_1    | (53.1075, 103.93)
METAL_1    | (53.885, 73.15)
METAL_1    | (53.7, 83.41)
METAL_1    | (40.8, 59.47)
METAL_1    | (54.095, 107.35)
METAL_1    | (54.1, 38.95)
METAL_1    | (51.1, 49.21)
METAL_1    | (54.5, 127.87)
METAL_1    | (55.095, 121.03)
METAL_1    | (54.875, 100.51)
METAL_1    | (55.1, 107.01)
METAL_1    | (55.51, 79.99)
METAL_1    | (55.1, 93.67)
METAL_1    | (55.5, 134.71)
METAL_1    | (55.1, 110.77)
METAL_1    | (55.1, 114.19)
METAL_1    | (54.49, 131.29)
METAL_1    | (56.065, 83.41)
METAL_1    | (53.3, 90.25)
METAL_1    | (56.865, 131.29)
METAL_1    | (51.355, 141.55)
METAL_1    | (56.8, 35.53)
METAL_1    | (55.915, 103.93)
METAL_1    | (56.4, 97.09)
METAL_1    | (57.31, 28.69)
METAL_1    | (57.105, 79.705)
METAL_1    | (57.465, 93.67)
METAL_1    | (54.51, 32.11)
METAL_1    | (57.485, 38.95)
METAL_1    | (57.685, 59.47)
METAL_1    | (57.2, 69.73)
METAL_1    | (53.91, 25.27)
METAL_1    | (57.7, 138.13)
METAL_1    | (57.91, 45.79)
METAL_1    | (58, 83.41)
METAL_1    | (57.91, 90.25)
METAL_1    | (55.1, 49.21)
METAL_1    | (58.7, 97.09)
METAL_1    | (58.31, 107.35)
METAL_1    | (58.495, 114.19)
METAL_1    | (58.9, 117.61)
METAL_1    | (58.905, 79.99)
METAL_1    | (59.065, 93.67)
METAL_1    | (59.3, 97.09)
METAL_1    | (50.07, 42.37)
METAL_1    | (59.505, 107.35)
METAL_1    | (59.5, 141.55)
METAL_1    | (59.4, 35.53)
METAL_1    | (59.91, 86.83)
METAL_1    | (59.705, 110.77)
METAL_1    | (59.91, 100.51)
METAL_1    | (56.5, 127.87)
METAL_1    | (60.085, 66.31)
METAL_1    | (60.71, 79.99)
METAL_1    | (60.67, 90.25)
METAL_1    | (60.885, 49.21)
METAL_1    | (61.665, 93.67)
METAL_1    | (61.695, 107.35)
METAL_1    | (60.6, 45.79)
METAL_1    | (61.3, 59.47)
METAL_1    | (61.8825, 97.09)
METAL_1    | (61.505, 110.77)
METAL_1    | (61.865, 124.45)
METAL_1    | (57.865, 131.29)
METAL_1    | (61.7, 35.53)
METAL_1    | (61.885, 56.05)
METAL_1    | (61.9, 127.87)
METAL_1    | (62.11, 28.69)
METAL_1    | (51.5, 52.63)
METAL_1    | (61.4, 21.85)
METAL_1    | (59, 25.27)
METAL_1    | (62.705, 113.915)
METAL_1    | (63.315, 83.41)
METAL_1    | (63, 103.93)
METAL_1    | (62.91, 45.79)
METAL_1    | (62.8, 93.67)
METAL_1    | (63.465, 124.45)
METAL_1    | (63.465, 131.29)
METAL_1    | (61.8, 100.51)
METAL_1    | (63.695, 127.87)
METAL_1    | (58.1, 134.71)
METAL_1    | (63.7, 110.77)
METAL_1    | (64.085, 21.85)
METAL_1    | (63.51, 49.21)
METAL_1    | (63.495, 97.09)
METAL_1    | (64.085, 56.05)
METAL_1    | (64.8, 107.35)
METAL_1    | (64.11, 25.27)
METAL_1    | (63.8, 90.25)
METAL_1    | (65.265, 93.67)
METAL_1    | (64.91, 124.45)
METAL_1    | (65.3, 134.71)
METAL_1    | (65.665, 83.41)
METAL_1    | (65.665, 100.51)
METAL_1    | (65.47, 42.37)
METAL_1    | (57.4, 76.57)
METAL_1    | (66.085, 56.05)
METAL_1    | (66.265, 97.09)
METAL_1    | (66.285, 38.95)
METAL_1    | (65.885, 49.21)
METAL_1    | (65.11, 52.63)
METAL_1    | (66.885, 73.15)
METAL_1    | (67.315, 100.51)
METAL_1    | (67.11, 127.87)
METAL_1    | (66.6, 90.25)
METAL_1    | (67.665, 79.99)
METAL_1    | (67.6975, 83.1225)
METAL_1    | (66.2, 45.79)
METAL_1    | (68.085, 56.05)
METAL_1    | (68.1, 107.35)
METAL_1    | (68.685, 73.15)
METAL_1    | (67.6, 86.83)
METAL_1    | (68.5, 97.09)
METAL_1    | (68.69, 100.51)
METAL_1    | (68.865, 121.03)
METAL_1    | (68.885, 138.13)
METAL_1    | (69.07, 28.69)
METAL_1    | (67.71, 38.95)
METAL_1    | (63.5, 141.55)
METAL_1    | (69.105, 79.99)
METAL_1    | (69.11, 45.79)
METAL_1    | (69.5, 100.51)
METAL_1    | (69.885, 56.05)
METAL_1    | (67.27, 42.37)
METAL_1    | (69.9, 90.25)
METAL_1    | (70.265, 124.45)
METAL_1    | (69.955, 83.41)
METAL_1    | (70.305, 107.075)
METAL_1    | (67.91, 52.63)
METAL_1    | (70.285, 28.69)
METAL_1    | (70.885, 38.95)
METAL_1    | (70.285, 49.21)
METAL_1    | (70.51, 141.55)
METAL_1    | (70.9, 103.93)
METAL_1    | (70.5, 138.13)
METAL_1    | (70.2, 69.73)
METAL_1    | (71.11, 100.51)
METAL_1    | (70.4, 32.11)
METAL_1    | (71.87, 42.37)
METAL_1    | (71.505, 76.57)
METAL_1    | (71.915, 97.09)
METAL_1    | (71.71, 110.77)
METAL_1    | (71.885, 52.63)
METAL_1    | (71.885, 56.05)
METAL_1    | (65, 66.31)
METAL_1    | (70.29, 114.19)
METAL_1    | (72.665, 141.55)
METAL_1    | (72.1, 83.41)
METAL_1    | (72.865, 131.29)
METAL_1    | (50.4, 62.89)
METAL_1    | (73.285, 28.69)
METAL_1    | (73.3, 110.77)
METAL_1    | (72.91, 127.87)
METAL_1    | (69.51, 25.27)
METAL_1    | (74.265, 138.13)
METAL_1    | (73, 32.11)
METAL_1    | (74.31, 131.29)
METAL_1    | (74.31, 141.55)
METAL_1    | (74.91, 127.87)
METAL_1    | (74.9, 83.41)
METAL_1    | (75.285, 28.69)
METAL_1    | (72.3, 59.47)
METAL_1    | (64.1, 117.61)
METAL_1    | (75.7, 86.83)
METAL_1    | (72.465, 124.45)
METAL_1    | (75.8, 66.31)
METAL_1    | (76.085, 69.73)
METAL_1    | (76.11, 42.37)
METAL_1    | (75.9, 62.55)
METAL_1    | (73.5, 114.19)
METAL_1    | (74.4, 56.05)
METAL_1    | (77.085, 79.99)
METAL_1    | (76.265, 141.55)
METAL_1    | (77.11, 124.45)
METAL_1    | (70.6, 134.71)
METAL_1    | (76.2, 35.53)
METAL_1    | (77.09, 86.83)
METAL_1    | (70, 21.85)
METAL_1    | (77.885, 76.265)
METAL_1    | (77.9, 83.41)
METAL_1    | (77.265, 138.13)
METAL_1    | (77.9, 66.31)
METAL_1    | (78.285, 93.365)
METAL_1    | (78.1, 79.99)
METAL_1    | (78.16, 62.89)
METAL_1    | (78.31, 134.71)
METAL_1    | (78.87, 25.27)
METAL_1    | (74.4, 52.63)
METAL_1    | (78.945, 35.53)
METAL_1    | (78.895, 38.95)
METAL_1    | (78.265, 124.45)
METAL_1    | (75.865, 131.29)
METAL_1    | (79.31, 49.21)
METAL_1    | (79.51, 32.11)
METAL_1    | (79.71, 28.69)
METAL_1    | (74.91, 121.03)
METAL_1    | (79.51, 127.87)
METAL_1    | (79.945, 69.73)
METAL_1    | (80.36, 56.05)
METAL_1    | (80.3, 66.31)
METAL_1    | (80.5075, 141.55)
METAL_1    | (57, 144.97)
METAL_1    | (80.715, 62.89)
METAL_1    | (80.265, 131.29)
METAL_1    | (81.27, 49.21)
METAL_1    | (81.1, 90.005)
METAL_1    | (81.485, 28.69)
METAL_1    | (80.11, 79.99)
METAL_1    | (81.285, 32.11)
METAL_1    | (80.11, 35.53)
METAL_1    | (81.2, 134.71)
METAL_1    | (81.5, 86.83)
METAL_1    | (81.2, 25.27)
METAL_1    | (82.49, 59.47)
METAL_1    | (82.695, 69.73)
METAL_1    | (79.495, 83.41)
METAL_1    | (82.6, 124.45)
METAL_1    | (83.095, 56.05)
METAL_1    | (83.065, 62.89)
METAL_1    | (83.27, 32.11)
METAL_1    | (82.3, 79.99)
METAL_1    | (81.9, 97.09)
METAL_1    | (83.47, 28.69)
METAL_1    | (83.47, 35.53)
METAL_1    | (83.505, 52.63)
METAL_1    | (83.1, 76.57)
METAL_1    | (83.3, 138.13)
METAL_1    | (83.305, 86.83)
METAL_1    | (83.305, 90.25)
METAL_1    | (83.27, 49.21)
METAL_1    | (83.16, 59.47)
METAL_1    | (84.115, 66.31)
METAL_1    | (82.5, 131.29)
METAL_1    | (83, 42.37)
METAL_1    | (83.9, 121.03)
METAL_1    | (70.71, 45.79)
METAL_1    | (84, 83.41)
METAL_1    | (84.295, 38.95)
METAL_1    | (84.7, 97.09)
METAL_1    | (85.2, 134.71)
METAL_1    | (85.1, 32.11)
METAL_1    | (85.3, 28.69)
METAL_1    | (84.5, 59.47)
METAL_1    | (85.3, 62.89)
METAL_1    | (85, 86.83)
METAL_1    | (85.4, 90.25)
METAL_1    | (85, 35.53)
METAL_1    | (85.4, 66.31)
METAL_1    | (84.6, 76.57)
METAL_1    | (85.1, 79.99)
METAL_1    | (85.1, 56.05)
METAL_1    | (85.71, 69.73)
METAL_1    | (84.685, 124.45)
METAL_1    | (85.67, 42.37)
METAL_1    | (86.1, 93.67)
METAL_1    | (86.2, 83.41)
METAL_1    | (86.9, 97.09)
METAL_1    | (87.31, 38.95)
METAL_1    | (87.495, 62.89)
METAL_1    | (86.3, 107.35)
METAL_1    | (86.7, 110.77)
METAL_1    | (87.905, 66.31)
METAL_1    | (88, 76.57)
METAL_1    | (88.305, 62.65)
METAL_1    | (84.5, 103.93)
METAL_1    | (87.6, 121.03)
METAL_1    | (88.3, 52.63)
METAL_1    | (88.895, 93.67)
METAL_1    | (89.115, 59.47)
METAL_1    | (87.6, 83.41)
METAL_1    | (89.8, 93.67)
METAL_1    | (87.91, 100.51)
METAL_1    | (87.09, 141.55)
METAL_1    | (88.075, 56.05)
METAL_1    | (90.2, 83.41)
METAL_1    | (89.715, 76.57)
METAL_1    | (88.6, 90.25)
METAL_1    | (90.5, 103.93)
METAL_1    | (90.7, 100.51)
METAL_1    | (91.09, 141.55)
METAL_1    | (91.3, 124.45)
METAL_1    | (90.51, 49.21)
METAL_1    | (91.155, 59.47)
METAL_1    | (92.2, 103.93)
METAL_1    | (91.7, 117.61)
METAL_1    | (92.2975, 76.57)
METAL_1    | (91.5, 121.03)
METAL_1    | (89.6, 86.83)
METAL_1    | (91.71, 73.15)
METAL_1    | (92.8, 83.41)
METAL_1    | (90.8, 93.67)
METAL_1    | (92.9, 42.37)
METAL_1    | (89.345, 79.99)
METAL_1    | (92.955, 59.47)
METAL_1    | (93.1, 100.51)
METAL_1    | (84.5, 127.87)
METAL_1    | (93.1, 49.21)
METAL_1    | (91.8, 66.31)
METAL_1    | (93.5, 103.93)
METAL_1    | (94.11, 52.63)
METAL_1    | (93.7, 117.61)
METAL_1    | (94.3175, 138.13)
METAL_1    | (94.715, 86.83)
METAL_1    | (94.71, 62.89)
METAL_1    | (94.88, 100.23)
METAL_1    | (94.8, 79.99)
METAL_1    | (94.955, 97.09)
METAL_1    | (95.11, 28.69)
METAL_1    | (93.505, 90.25)
METAL_1    | (95.6, 121.03)
METAL_1    | (95.11, 103.93)
METAL_1    | (96.495, 59.47)
METAL_1    | (96.7, 117.61)
METAL_1    | (96.2, 52.63)
METAL_1    | (95.3, 93.67)
METAL_1    | (95.69, 134.71)
METAL_1    | (96.71, 141.55)
METAL_1    | (96.8, 35.53)
METAL_1    | (93.1, 76.57)
METAL_1    | (96.6, 86.83)
METAL_1    | (96.6, 90.25)
METAL_1    | (96.9, 100.51)
METAL_1    | (97.5175, 127.87)
METAL_1    | (93.51, 38.95)
METAL_1    | (96.6, 45.79)
METAL_1    | (97.355, 59.47)
METAL_1    | (96.8, 21.85)
METAL_1    | (98.4, 35.53)
METAL_1    | (98.2, 52.63)
METAL_1    | (98.555, 76.57)
METAL_1    | (99, 86.83)
METAL_1    | (98.955, 59.47)
METAL_1    | (99.3, 62.89)
METAL_1    | (98.5, 90.25)
METAL_1    | (98.7, 100.51)
METAL_1    | (97.5, 103.93)
METAL_1    | (95.11, 107.35)
METAL_1    | (93.7, 83.41)
METAL_1    | (98, 117.61)
METAL_1    | (97.6, 121.03)
METAL_1    | (100.3, 52.63)
METAL_1    | (100.2, 93.67)
METAL_1    | (99.4, 56.05)
METAL_1    | (98.1, 42.37)
METAL_1    | (100.555, 59.47)
METAL_1    | (100.71, 131.29)
METAL_1    | (101.3, 49.21)
METAL_1    | (101.317, 134.71)
METAL_1    | (101.8, 93.67)
METAL_1    | (102.1, 103.93)
METAL_1    | (100.755, 76.57)
METAL_1    | (101, 79.99)
METAL_1    | (102.515, 121.03)
METAL_1    | (102.51, 114.19)
METAL_1    | (102.3, 52.63)
METAL_1    | (103.3, 49.21)
METAL_1    | (103.3, 134.71)
METAL_1    | (99, 45.79)
METAL_1    | (98.4, 73.15)
METAL_1    | (102.7, 93.67)
METAL_1    | (103.71, 138.13)
METAL_1    | (101.3, 141.55)
METAL_1    | (101.6, 83.41)
METAL_1    | (104.517, 103.93)
METAL_1    | (99.51, 110.77)
METAL_1    | (101.89, 100.51)
METAL_1    | (103.915, 121.03)
METAL_1    | (104.11, 79.99)
METAL_1    | (102.295, 86.83)
METAL_1    | (102.2, 42.37)
METAL_1    | (105.515, 138.13)
METAL_1    | (105.2, 62.89)
METAL_1    | (105.905, 97.09)
METAL_1    | (99.71, 124.45)
METAL_1    | (105.7, 90.25)
METAL_1    | (104.8, 127.87)
METAL_1    | (103.9, 76.57)
METAL_1    | (106.1, 73.15)
METAL_1    | (104.905, 93.67)
METAL_1    | (106.7, 83.41)
METAL_1    | (107.115, 86.83)
METAL_1    | (107.3, 28.69)
METAL_1    | (107.505, 138.13)
METAL_1    | (107.5, 59.47)
METAL_1    | (107.5, 90.25)
METAL_1    | (107.8, 93.67)
METAL_1    | (107.8, 124.45)
METAL_1    | (108.89, 103.93)
METAL_1    | (109.3, 141.55)
METAL_1    | (109.7, 86.83)
METAL_1    | (109.895, 138.13)
METAL_1    | (109.295, 59.47)
METAL_1    | (110.09, 93.67)
METAL_1    | (110, 73.15)
METAL_1    | (108.4, 38.95)
METAL_1    | (110.7, 93.67)
METAL_1    | (111.118, 110.77)
METAL_1    | (106.3, 121.03)
METAL_1    | (110.905, 134.435)
METAL_1    | (110.755, 86.83)
METAL_1    | (109.4, 124.45)
METAL_1    | (102.6, 35.53)
METAL_1    | (107.5, 144.97)
METAL_1    | (111.955, 90.25)
METAL_1    | (111.8, 131.29)
METAL_1    | (110.5, 141.55)
METAL_1    | (111.2, 138.13)
METAL_1    | (109.865, 97.09)
METAL_1    | (87.91, 32.11)
METAL_1    | (112.71, 93.67)
METAL_1    | (112.895, 35.53)
METAL_1    | (112.5, 134.71)
METAL_1    | (113.11, 49.21)
METAL_1    | (113.29, 90.25)
METAL_1    | (109.3, 28.69)
METAL_1    | (110.09, 103.93)
METAL_1    | (113.7, 141.55)
METAL_1    | (114.1, 38.95)
METAL_1    | (97.7, 66.31)
METAL_1    | (114.1, 90.25)
METAL_1    | (114.4, 103.93)
METAL_1    | (112.91, 121.03)
METAL_1    | (113.7, 138.13)
METAL_1    | (114.4, 32.11)
METAL_1    | (114.155, 93.67)
METAL_1    | (106.4, 42.37)
METAL_1    | (112.6, 73.15)
METAL_1    | (114.91, 124.45)
METAL_1    | (114.705, 144.97)
METAL_1    | (115.71, 49.21)
METAL_1    | (115.89, 100.51)
METAL_1    | (115.915, 121.03)
METAL_1    | (116.095, 141.55)
METAL_1    | (116.1, 42.37)
METAL_1    | (116.11, 73.15)
METAL_1    | (116, 93.67)
METAL_1    | (116.9, 90.25)
METAL_1    | (117.295, 86.83)
METAL_1    | (117.1, 28.69)
METAL_1    | (117.495, 114.19)
METAL_1    | (117.515, 124.45)
METAL_1    | (117.715, 62.89)
METAL_1    | (104.4, 117.61)
METAL_1    | (111.665, 127.87)
METAL_1    | (114.2, 131.29)
METAL_1    | (117.9, 59.47)
METAL_1    | (114.1, 110.77)
METAL_1    | (118.49, 73.15)
METAL_1    | (117.3, 134.71)
METAL_1    | (118.1, 144.97)
METAL_1    | (118.3, 76.23)
METAL_1    | (119.095, 89.97)
METAL_1    | (119.31, 56.05)
METAL_1    | (119.3, 93.67)
METAL_1    | (119.69, 73.15)
METAL_1    | (119.4, 131.29)
METAL_1    | (115.29, 52.63)
METAL_1    | (119.895, 144.97)
METAL_1    | (119.1, 86.83)
METAL_1    | (118.6, 103.93)
METAL_1    | (119.91, 110.77)
METAL_1    | (111.71, 107.35)
METAL_1    | (120.3, 83.41)
METAL_1    | (120.5, 93.67)
METAL_1    | (120.4, 59.47)
METAL_1    | (120.6, 134.71)
METAL_1    | (120.91, 56.05)
METAL_1    | (96.8, 69.73)
METAL_1    | (119.2, 97.09)
METAL_1    | (121.1, 144.97)
METAL_1    | (118.1, 138.13)
METAL_1    | (121.26, 49.21)
METAL_1    | (121.4, 52.63)
METAL_1    | (115.105, 38.95)
METAL_1    | (121.5, 42.125)
METAL_1    | (122.095, 73.15)
METAL_1    | (113.905, 35.53)
METAL_1    | (121.3, 141.55)
METAL_1    | (121.2, 28.69)
METAL_1    | (122.528, 124.125)
METAL_1    | (118.5, 127.87)
METAL_1    | (122.905, 49.21)
METAL_1    | (122.305, 59.47)
METAL_1    | (122.1, 76.57)
METAL_1    | (123.2, 138.13)
METAL_1    | (123.5, 35.53)
METAL_1    | (123.5, 38.95)
METAL_1    | (123.695, 56.05)
METAL_1    | (123.5, 121.03)
METAL_1    | (124, 110.77)
METAL_1    | (123.7, 144.542)
METAL_1    | (124.09, 42.37)
METAL_1    | (123.9, 103.59)
METAL_1    | (123.9, 114.19)
METAL_1    | (124, 79.99)
METAL_1    | (122.895, 97.09)
METAL_1    | (124.465, 45.79)
METAL_1    | (124.2, 90.25)
METAL_1    | (122.5, 117.61)
METAL_1    | (125.1, 28.69)
METAL_1    | (125, 32.11)
METAL_1    | (125.465, 69.73)
METAL_1    | (124.2, 124.45)
METAL_1    | (124.8, 76.57)
METAL_1    | (124, 127.87)
METAL_1    | (125.71, 45.79)
METAL_1    | (125.6, 138.13)
METAL_1    | (123.6, 66.31)
METAL_1    | (123.7, 73.15)
METAL_1    | (126.3, 103.502)
METAL_1    | (126.6, 28.69)
METAL_1    | (126.5, 114.19)
METAL_1    | (125.6, 117.61)
METAL_1    | (127.517, 90.25)
METAL_1    | (127.3, 45.79)
METAL_1    | (126.7, 127.87)
METAL_1    | (127.8, 124.45)
METAL_1    | (127.11, 121.03)
METAL_1    | (127.2, 134.71)
METAL_1    | (127.6, 138.13)
METAL_1    | (128.6, 62.89)
METAL_1    | (128.6, 114.19)
METAL_1    | (127.89, 28.69)
METAL_1    | (125.4, 38.95)
METAL_1    | (125.5, 79.99)
METAL_1    | (129, 117.61)
METAL_1    | (129.6, 127.87)
METAL_1    | (129.5, 107.35)
METAL_1    | (130.69, 28.69)
METAL_1    | (130.8, 59.47)
METAL_1    | (130.9, 110.77)
METAL_1    | (130, 138.13)
METAL_1    | (131.155, 141.55)
METAL_1    | (129, 97.09)
METAL_1    | (130.2, 114.19)
METAL_1    | (130.4, 66.31)
METAL_1    | (127.6, 93.67)
METAL_1    | (127.4, 42.37)
METAL_1    | (132.485, 73.15)
METAL_1    | (127.6, 52.63)
METAL_1    | (131.4, 121.03)
METAL_1    | (132.9, 66.31)
METAL_1    | (132.8, 117.61)
METAL_1    | (133.345, 97.09)
METAL_1    | (132.6, 28.69)
METAL_1    | (128.485, 100.51)
METAL_1    | (133.8, 114.19)
METAL_1    | (134, 42.37)
METAL_1    | (133.1, 93.67)
METAL_1    | (134.345, 32.11)
METAL_1    | (125.9, 49.21)
METAL_1    | (134.4, 127.87)
METAL_1    | (131.1, 62.89)
METAL_1    | (135.1, 79.99)
METAL_1    | (135.145, 100.51)
METAL_1    | (135, 124.45)
METAL_1    | (135.2, 121.03)
METAL_1    | (92.31, 25.27)
METAL_1    | (135.89, 28.69)
METAL_1    | (134.7, 144.97)
METAL_1    | (135.7, 42.37)
METAL_1    | (132.3, 134.71)
METAL_1    | (135.2, 114.19)
METAL_1    | (124.9, 131.29)
METAL_1    | (136.865, 79.99)
METAL_1    | (132.7, 107.35)
METAL_1    | (134.2, 117.61)
METAL_1    | (137.085, 32.11)
METAL_1    | (137.145, 35.53)
METAL_1    | (136.865, 59.47)
METAL_1    | (137.145, 97.09)
METAL_1    | (136.685, 25.27)
METAL_1    | (137.345, 49.21)
METAL_1    | (136.3, 141.55)
METAL_1    | (136.4, 124.45)
METAL_1    | (137.665, 144.97)
METAL_1    | (136.8, 121.03)
METAL_1    | (138.095, 100.51)
METAL_1    | (138.49, 28.69)
METAL_1    | (137.2, 73.15)
METAL_1    | (133.4, 90.25)
METAL_1    | (138.665, 42.37)
METAL_1    | (135.5, 110.77)
METAL_1    | (138.7, 103.502)
METAL_1    | (132.9, 38.95)
METAL_1    | (138.9, 59.47)
METAL_1    | (138.89, 32.11)
METAL_1    | (138.1, 79.99)
METAL_1    | (139.2, 117.61)
METAL_1    | (139.345, 144.618)
METAL_1    | (139.865, 100.51)
METAL_1    | (140.105, 93.43)
METAL_1    | (140.49, 28.69)
METAL_1    | (140.695, 107.35)
METAL_1    | (140.49, 38.95)
METAL_1    | (140.945, 32.11)
METAL_1    | (135, 45.79)
METAL_1    | (136.3, 62.89)
METAL_1    | (140.3, 121.03)
METAL_1    | (136.1, 52.63)
METAL_1    | (140.555, 134.71)
METAL_1    | (141.7, 73.15)
METAL_1    | (138.1, 138.13)
METAL_1    | (134.4, 83.41)
METAL_1    | (139.065, 35.53)
METAL_1    | (142.6, 79.99)
METAL_1    | (141.5, 69.73)
METAL_1    | (143.265, 45.79)
METAL_1    | (141.9, 59.47)
METAL_1    | (143.1, 114.19)
METAL_1    | (136.6, 76.57)
METAL_1    | (142.9, 83.41)
METAL_1    | (143.2, 117.61)
METAL_1    | (143, 121.03)
METAL_1    | (143.6, 144.97)
METAL_1    | (143.7, 25.27)
METAL_1    | (143.3, 73.15)
METAL_1    | (143, 134.71)
METAL_1    | (144.3, 144.63)
METAL_1    | (144.4, 138.13)
METAL_1    | (143.7, 110.77)
METAL_1    | (126.8, 56.05)
METAL_1    | (143.6, 131.29)
METAL_1    | (145.545, 83.41)
METAL_1    | (145.745, 25.27)
METAL_1    | (146.085, 103.93)
METAL_1    | (145.5, 121.03)
METAL_1    | (144.945, 45.79)
METAL_1    | (144.2, 114.19)
METAL_1    | (146.1, 107.35)
METAL_1    | (145.9, 124.45)
METAL_1    | (145, 32.11)
METAL_1    | (147.3, 62.89)
METAL_1    | (147.665, 52.63)
METAL_1    | (147.5, 66.31)
METAL_1    | (145.8, 49.21)
METAL_1    | (148.145, 93.67)
METAL_1    | (148.1, 103.93)
METAL_1    | (145.155, 134.71)
METAL_1    | (145.9, 131.29)
METAL_1    | (148.745, 83.41)
METAL_1    | (145.4, 97.09)
METAL_1    | (148.8, 144.97)
METAL_1    | (149.145, 32.11)
METAL_1    | (148.5, 107.35)
METAL_1    | (149.345, 66.31)
METAL_1    | (148.5, 141.55)
METAL_1    | (149.67, 124.45)
METAL_1    | (150.145, 42.37)
METAL_1    | (150.3, 69.73)
METAL_1    | (150.5, 141.123)
METAL_1    | (148.2, 25.27)
METAL_1    | (150.3, 93.67)
METAL_1    | (151.3, 38.95)
METAL_1    | (146.9, 73.15)
METAL_1    | (150.9, 144.97)
METAL_1    | (151.865, 110.77)
METAL_1    | (152.345, 25.27)
METAL_1    | (152.7, 32.11)
METAL_1    | (152.905, 120.79)
METAL_1    | (148.865, 52.63)
METAL_1    | (153.145, 76.57)
METAL_1    | (153.145, 93.67)
METAL_1    | (153.515, 114.19)
METAL_1    | (153.745, 62.89)
METAL_1    | (153.865, 69.73)
METAL_1    | (154.145, 56.05)
METAL_1    | (145.355, 127.87)
METAL_1    | (150.7, 131.29)
METAL_1    | (150.145, 103.93)
METAL_1    | (154.745, 25.27)
METAL_1    | (154.865, 52.63)
METAL_1    | (154.865, 141.55)
METAL_1    | (154.5, 59.47)
METAL_1    | (140.4, 86.83)
METAL_1    | (149.4, 100.51)
METAL_1    | (155.9, 66.31)
METAL_1    | (156.545, 32.11)
METAL_1    | (152.745, 38.95)
METAL_1    | (156.3, 62.89)
METAL_1    | (156.7, 69.73)
METAL_1    | (157.1, 86.83)
METAL_1    | (151.6, 45.79)
METAL_6    | (18.5, 146.47)
METAL_6    | (160.7, 146.47)
METAL_1    | (153.3, 124.45)
METAL_1    | (153.5, 134.71)
METAL_1    | (153.1, 117.61)
METAL_1    | (149.7, 114.19)
METAL_1    | (106.9, 131.29)
METAL_1    | (132.1, 103.93)
METAL_1    | (149.7, 117.61)
METAL_1    | (128.7, 103.93)
METAL_1    | (122.7, 107.35)
METAL_1    | (107.1, 141.55)
METAL_1    | (148.9, 121.03)
METAL_1    | (125.9, 107.35)
METAL_1    | (147.1, 110.77)
METAL_1    | (150.3, 134.71)
METAL_1    | (146.7, 138.13)
METAL_1    | (126.1, 110.77)
METAL_1    | (146.3, 117.61)
METAL_1    | (133.5, 110.77)
METAL_1    | (151.5, 83.41)
METAL_1    | (145.5, 52.63)
METAL_1    | (65.295, 127.59)
METAL_1    | (114.495, 86.55)
METAL_1    | (23.3, 97.09)
METAL_1    | (58.485, 124.145)
METAL_1    | (66.885, 124.145)
METAL_1    | (60.485, 124.145)
METAL_1    | (68.885, 124.145)
METAL_1    | (72.885, 76.265)
METAL_1    | (63.285, 69.425)
METAL_1    | (33.085, 103.625)
METAL_1    | (60.485, 55.745)
METAL_1    | (78.6, 86.83)
METAL_1    | (103, 131.29)
METAL_1    | (129.4, 76.57)
METAL_1    | (72.4, 103.93)
METAL_1    | (106.6, 100.51)
METAL_1    | (59.505, 69.445)
METAL_1    | (33.305, 117.325)
METAL_1    | (116.1, 124.45)
METAL_1    | (88.1, 45.79)
METAL_1    | (86.5, 32.11)
METAL_1    | (88.3, 28.69)
METAL_1    | (101.3, 28.69)
METAL_1    | (134.9, 59.47)
METAL_1    | (27.3, 73.15)
METAL_1    | (69.9, 93.67)
METAL_1    | (86.9, 131.29)
METAL_1    | (92.9, 124.45)
METAL_1    | (74.9, 76.57)
METAL_1    | (38.3, 38.95)
METAL_1    | (25.3, 42.37)
METAL_1    | (107.7, 76.57)
METAL_1    | (71.5, 79.99)
METAL_1    | (61.7, 69.73)
METAL_1    | (52.7, 66.31)
METAL_1    | (144.8, 59.47)
METAL_1    | (97.6, 81.7)
METAL_1    | (104.6, 131.29)
METAL_1    | (92.2, 131.29)
METAL_1    | (93.8, 131.29)
METAL_1    | (57.8, 121.03)
METAL_1    | (78.8, 141.55)
METAL_1    | (30.6, 131.29)
METAL_1    | (65.6, 32.11)
METAL_1    | (144.8, 124.45)
METAL_1    | (140.4, 124.45)
METAL_1    | (115.8, 138.13)
METAL_1    | (142, 124.45)
METAL_1    | (138.8, 124.45)
METAL_1    | (143.4, 124.45)
METAL_1    | (143.6, 126.16)
METAL_1    | (30.4, 56.05)
METAL_1    | (96, 62.89)
METAL_1    | (143.8, 35.53)
METAL_1    | (143.6, 52.63)
METAL_1    | (151.2, 28.69)
METAL_1    | (151.2, 28.69)
METAL_1    | (149.2, 28.69)
METAL_1    | (146.4, 28.69)
METAL_1    | (144, 79.99)
METAL_1    | (123.8, 28.69)
METAL_1    | (143.4, 93.67)
METAL_1    | (144.2, 69.73)
METAL_1    | (127, 76.57)
METAL_1    | (109.4, 76.57)
METAL_1    | (139.2, 66.31)
METAL_1    | (147.8, 28.69)
METAL_1    | (81.2, 121.03)
METAL_1    | (85.8, 121.03)
METAL_1    | (81.6, 127.87)
METAL_1    | (81.2, 121.03)
METAL_1    | (85.8, 121.03)
METAL_1    | (81.6, 127.87)
METAL_1    | (79.8, 134.71)
METAL_1    | (79.4, 136.42)
METAL_1    | (60, 138.13)
METAL_1    | (40, 134.71)
METAL_1    | (64.2, 79.99)
METAL_1    | (56.4, 100.51)
METAL_1    | (62.2, 79.99)
METAL_1    | (36.8, 100.51)
METAL_1    | (24.8, 93.67)
METAL_1    | (25.8, 131.29)
METAL_1    | (145.7, 73.15)
METAL_1    | (48.9, 49.21)
METAL_1    | (48.9, 49.21)
METAL_1    | (47.3, 47.5)
METAL_1    | (138.1, 69.73)
METAL_1    | (155.5, 90.25)
METAL_1    | (157.1, 79.99)
METAL_1    | (158.1, 73.15)
METAL_1    | (155.5, 90.25)
METAL_1    | (156.9, 76.57)
METAL_1    | (157.1, 79.99)
METAL_1    | (158.1, 73.15)
METAL_1    | (157.1, 81.7)
METAL_1    | (157.1, 83.41)
METAL_1    | (156.9, 76.57)
METAL_1    | (52.3, 32.11)
METAL_1    | (145.5, 76.57)
METAL_1    | (39.8, 25.27)
METAL_1    | (31, 35.53)
METAL_1    | (22, 42.37)
METAL_1    | (42, 21.85)
METAL_1    | (45.6, 21.85)
METAL_1    | (34.6, 21.85)
METAL_1    | (22, 35.53)
METAL_1    | (38.4, 21.85)
METAL_1    | (30.8, 21.85)
METAL_1    | (29.6, 42.37)
METAL_1    | (40.4, 45.79)
METAL_1    | (23.8, 21.85)
METAL_1    | (27.6, 76.57)
METAL_1    | (44.6, 32.11)
METAL_1    | (44.4, 45.79)
METAL_1    | (27.2, 21.85)
METAL_1    | (65.6, 59.47)
METAL_1    | (64.6, 35.53)
METAL_1    | (62.8, 42.37)
METAL_1    | (81.8, 38.95)
METAL_1    | (63.2, 38.95)
METAL_1    | (79.8, 21.85)
METAL_1    | (83.4, 21.85)
METAL_1    | (73, 49.21)
METAL_1    | (59.8, 38.95)
METAL_1    | (59.8, 32.11)
METAL_1    | (63.2, 32.11)
METAL_1    | (68, 32.11)
METAL_1    | (78.4, 42.37)
METAL_1    | (68, 35.53)
METAL_1    | (71.6, 35.53)
METAL_1    | (75.6, 38.95)
METAL_1    | (109.2, 21.85)
METAL_1    | (105, 21.85)
METAL_1    | (100.6, 21.85)
METAL_1    | (86.6, 117.61)
METAL_1    | (75.8, 107.35)
METAL_1    | (118.4, 100.51)
METAL_1    | (154.6, 21.85)
METAL_1    | (154.6, 28.69)
METAL_1    | (143.6, 28.69)
METAL_1    | (98.2, 28.69)
METAL_1    | (104.4, 28.69)
METAL_1    | (129.6, 73.15)
METAL_1    | (132, 69.73)
METAL_1    | (125.8, 21.85)
METAL_1    | (113, 21.85)
METAL_1    | (121.6, 21.85)
METAL_1    | (95.6, 42.37)
METAL_1    | (132.2, 76.57)
METAL_1    | (135, 73.15)
METAL_1    | (119, 42.37)
METAL_1    | (28.8, 134.71)
METAL_1    | (28.8, 141.55)
METAL_1    | (96, 144.97)
METAL_1    | (89.6, 131.29)
METAL_1    | (96.8, 131.29)
METAL_1    | (56.2, 73.15)
METAL_1    | (30.4, 86.83)
METAL_1    | (122.2, 62.89)
METAL_1    | (122.2, 62.89)
METAL_1    | (138.2, 103.93)
METAL_1    | (43.4, 117.61)
METAL_1    | (61, 86.83)
METAL_1    | (56.6, 121.03)
METAL_1    | (125.4, 90.25)
METAL_1    | (70.4, 86.83)
METAL_1    | (29.2, 56.05)
METAL_1    | (24.2, 61.18)
METAL_1    | (38, 40.66)
METAL_1    | (84.2, 68.02)
METAL_1    | (85.8, 68.02)
METAL_1    | (95.8, 97.09)
METAL_1    | (80.8, 78.28)
METAL_1    | (80.8, 78.28)
METAL_1    | (109, 93.67)
METAL_1    | (71.6, 93.67)
METAL_1    | (71.6, 90.25)
METAL_1    | (60.2, 97.09)
METAL_1    | (57.6, 85.12)
METAL_1    | (37.2, 81.7)
METAL_1    | (112.4, 85.12)
METAL_1    | (52.2, 124.45)
METAL_1    | (129.2, 121.03)
METAL_1    | (128.2, 122.74)
METAL_1    | (115.2, 141.55)
METAL_1    | (144.4, 117.61)
METAL_1    | (128.2, 122.74)
METAL_1    | (128.2, 122.74)
METAL_1    | (126.2, 122.74)
METAL_1    | (126.2, 122.74)
METAL_1    | (122.4, 124.45)
METAL_1    | (120.4, 126.16)
METAL_1    | (35, 97.09)
METAL_1    | (49.8, 110.77)
METAL_1    | (26.8, 114.19)
METAL_1    | (153.4, 25.27)
METAL_1    | (39.2, 62.89)
METAL_1    | (71.2, 86.83)
METAL_1    | (36.8, 62.89)
METAL_1    | (101, 103.93)
METAL_1    | (79.8, 93.67)
METAL_1    | (93.8, 93.67)
METAL_1    | (99.4, 131.29)
METAL_1    | (99.4, 131.29)
METAL_1    | (43, 90.25)
METAL_1    | (132.6, 28.69)
METAL_1    | (112.6, 97.09)
METAL_1    | (41, 138.13)
METAL_1    | (80.6, 141.55)
METAL_1    | (85.2, 134.71)
METAL_1    | (85.2, 134.71)
METAL_1    | (92.4, 141.55)
METAL_1    | (92.4, 141.55)
METAL_1    | (153, 110.77)
METAL_1    | (37.4, 121.03)
METAL_1    | (102.3, 138.13)
METAL_1    | (84.9, 138.13)
METAL_1    | (112.7, 124.45)
METAL_1    | (120.3, 124.45)
METAL_1    | (45.3, 107.35)
METAL_1    | (29.495, 127.582)
METAL_1    | (29.895, 107.062)
METAL_1    | (29.895, 107.062)
METAL_1    | (35.695, 95.0925)
METAL_1    | (26.495, 124.162)
METAL_1    | (23.695, 98.5125)
METAL_1    | (37.895, 79.7025)
METAL_1    | (121.895, 103.642)
METAL_1    | (44.3, 105.64)
METAL_1    | (43.1, 100.51)
METAL_1    | (43.1, 100.51)
METAL_1    | (28.1, 91.96)
METAL_1    | (27.7, 127.87)
METAL_1    | (24.7, 124.45)
METAL_1    | (30.9, 93.67)
METAL_1    | (154.4, 138.13)
METAL_1    | (151.8, 114.19)
METAL_1    | (137.8, 107.35)
METAL_1    | (69.1, 48.87)
METAL_1    | (103.7, 52.29)
METAL_1    | (124.7, 42.03)
METAL_1    | (79.5, 86.49)
METAL_1    | (64.5, 100.17)
METAL_1    | (64.5, 100.17)
METAL_1    | (60.5, 83.07)
METAL_1    | (64.3, 86.49)
METAL_1    | (56.9, 84.78)
METAL_1    | (55.1, 110.43)
METAL_1    | (49.1, 79.65)
METAL_1    | (72.3, 107.01)
METAL_1    | (45.9, 79.65)
METAL_1    | (31.9, 83.07)
METAL_1    | (25.7, 86.49)
METAL_1    | (56.3, 134.37)
METAL_1    | (54.7, 124.11)
METAL_1    | (116.5, 144.63)
METAL_1    | (28.5, 93.33)
METAL_1    | (47.9, 107.01)
METAL_1    | (50.1, 103.59)
METAL_1    | (41.9, 107.01)
METAL_1    | (41.9, 107.01)
METAL_1    | (47.7, 110.43)
METAL_1    | (45.1, 98.46)
METAL_1    | (34.1, 107.01)
METAL_1    | (139.5, 42.03)
METAL_1    | (151.1, 96.75)
METAL_1    | (141.1, 42.03)
METAL_1    | (28.1, 56.05)
METAL_1    | (107.7, 97.09)
METAL_1    | (68.5, 49.21)
METAL_1    | (133.9, 52.63)
METAL_1    | (134.7, 69.73)
METAL_1    | (130.3, 38.95)
METAL_1    | (132.9, 59.47)
METAL_1    | (124.5, 35.53)
METAL_1    | (92.1, 76.57)
METAL_1    | (39.5, 86.83)
METAL_1    | (62.9, 86.83)
METAL_1    | (116.7, 73.15)
METAL_1    | (51.1, 103.93)
METAL_1    | (32.3, 110.77)
METAL_1    | (56.5, 124.45)
METAL_1    | (125.7, 97.09)
METAL_1    | (77.51, 69.465)
METAL_1    | (114.9, 28.69)
METAL_1    | (64.265, 125.877)
METAL_1    | (61.665, 137.847)
METAL_1    | (77.865, 117.328)
METAL_1    | (50.465, 38.6675)
METAL_1    | (38.465, 86.5475)
METAL_1    | (38.465, 86.5475)
METAL_1    | (94.065, 120.748)
METAL_1    | (94.065, 120.748)
METAL_1    | (28.865, 79.7075)
METAL_1    | (118.065, 89.9675)
METAL_1    | (64.465, 103.647)
METAL_1    | (66.265, 96.8075)
METAL_1    | (65.665, 79.7075)
METAL_1    | (106.465, 137.847)
METAL_1    | (156.465, 52.3475)
METAL_1    | (149.465, 93.3875)
METAL_1    | (142.4, 90.25)
METAL_1    | (103.3, 107.35)
METAL_1    | (41.9, 117.61)
METAL_1    | (150.5, 106.922)
METAL_1    | (29.9, 69.3025)
METAL_1    | (122.9, 93.2425)
METAL_1    | (99.9, 86.4025)
METAL_1    | (35.1, 141.123)
METAL_1    | (25.3, 103.502)
METAL_1    | (45.1, 98.3725)
METAL_1    | (51.9, 113.763)
METAL_1    | (108.1, 82.9825)
METAL_1    | (109.1, 82.9825)
METAL_1    | (111.5, 76.1425)
METAL_1    | (36.755, 54.015)
METAL_1    | (130.955, 79.665)
METAL_1    | (39.355, 83.085)
METAL_1    | (106.355, 79.665)
METAL_1    | (45.555, 117.285)
METAL_1    | (25, 79.99)
METAL_1    | (23.1, 114.19)
METAL_1    | (101.96, 59.035)
METAL_1    | (91.345, 55.6975)
METAL_1    | (55.745, 38.5975)
METAL_1    | (125.345, 103.578)
METAL_1    | (153.345, 141.197)
METAL_1    | (121.945, 100.157)
METAL_1    | (57.69, 113.91)
METAL_1    | (118.89, 62.61)
METAL_1    | (118.89, 62.61)
METAL_1    | (36.29, 103.65)
METAL_1    | (25.115, 62.62)
METAL_1    | (72.915, 100.24)
METAL_1    | (122.715, 144.7)
METAL_1    | (32.515, 96.82)
METAL_1    | (145.9, 144.97)
METAL_1    | (113.1, 144.97)
METAL_1    | (85.9, 45.79)
METAL_1    | (25.9, 97.09)
METAL_1    | (25.9, 97.09)
METAL_1    | (102.1, 56.05)
METAL_1    | (63, 107.35)
METAL_1    | (130, 134.71)
METAL_1    | (130, 134.71)
METAL_1    | (140.8, 117.61)
METAL_1    | (86.4, 144.97)
METAL_1    | (80.4, 124.45)
METAL_1    | (84.2, 144.97)
METAL_1    | (81.8, 129.58)
METAL_1    | (83.4, 134.71)
METAL_1    | (83.4, 134.71)
METAL_1    | (81, 126.16)
METAL_1    | (81, 133)
METAL_1    | (85.8, 122.74)
METAL_1    | (86.4, 144.97)
METAL_1    | (80.6, 119.32)
METAL_1    | (82.8, 119.32)
METAL_1    | (80.4, 124.45)
METAL_1    | (80.2, 144.97)
METAL_1    | (82.4, 144.97)
METAL_1    | (84.2, 144.97)
METAL_1    | (82.4, 144.97)
METAL_1    | (88, 119.32)
METAL_1    | (83.6, 122.74)
METAL_1    | (79.4, 138.13)
METAL_1    | (81.4, 136.42)
METAL_1    | (79.4, 138.13)
METAL_1    | (91.2, 45.79)
METAL_1    | (120.71, 108.785)
METAL_1    | (118.71, 108.785)
METAL_1    | (120.51, 112.205)
METAL_1    | (33.11, 45.515)
METAL_1    | (25.31, 38.675)
METAL_1    | (26.91, 55.775)
METAL_1    | (103.31, 103.655)
METAL_1    | (72.71, 38.675)
METAL_1    | (58.11, 35.255)
METAL_1    | (64.51, 45.515)
METAL_1    | (89.51, 45.515)
METAL_1    | (110.11, 89.975)
METAL_1    | (54.11, 110.495)
METAL_1    | (59.51, 83.135)
METAL_1    | (29.31, 131.015)
METAL_1    | (71.91, 28.415)
METAL_1    | (67.51, 48.935)
METAL_1    | (25.71, 105.365)
METAL_1    | (112.11, 37.515)
METAL_1    | (54.095, 117.18)
METAL_1    | (35.495, 86.4)
METAL_1    | (57.495, 88.11)
METAL_1    | (37.695, 137.7)
METAL_1    | (48.2, 117.61)
METAL_1    | (59.07, 28.335)
METAL_1    | (77.87, 55.695)
METAL_1    | (47.87, 100.155)
METAL_1    | (58.47, 100.155)
METAL_1    | (31.4, 38.95)
METAL_1    | (36.4, 45.79)
METAL_1    | (44.6, 25.27)
METAL_1    | (35.6, 25.27)
METAL_1    | (43.6, 52.63)
METAL_1    | (22.6, 52.63)
METAL_1    | (22.4, 38.95)
METAL_1    | (39.6, 35.53)
METAL_1    | (26.8, 35.53)
METAL_1    | (35, 35.53)
METAL_1    | (22.2, 28.69)
METAL_1    | (29.4, 45.79)
METAL_1    | (22.4, 45.79)
METAL_1    | (125, 100.51)
METAL_1    | (136, 66.31)
METAL_1    | (135.6, 21.85)
METAL_1    | (130.4, 21.85)
METAL_1    | (141, 21.85)
METAL_1    | (154.4, 97.09)
METAL_1    | (149.2, 76.57)
METAL_1    | (152.8, 79.99)
METAL_1    | (148.6, 56.05)
METAL_1    | (150.8, 49.21)
METAL_1    | (149.8, 21.85)
METAL_1    | (137.2, 93.67)
METAL_1    | (144.6, 66.31)
METAL_1    | (144.2, 42.37)
METAL_1    | (145.8, 90.25)
METAL_1    | (150.8, 90.25)
METAL_1    | (147.8, 79.99)
METAL_1    | (154.4, 73.15)
METAL_1    | (150.4, 62.89)
METAL_1    | (150.6, 59.47)
METAL_1    | (155.4, 42.37)
METAL_1    | (152, 35.53)
METAL_1    | (147, 35.53)
METAL_1    | (114.6, 76.57)
METAL_1    | (89.2, 42.37)
METAL_1    | (87.6, 21.85)
METAL_1    | (91.6, 28.69)
METAL_1    | (20.905, 77.87)
METAL_1    | (20.905, 77.87)
METAL_1    | (20.905, 21.44)
METAL_1    | (20.905, 21.44)
METAL_1    | (20.905, 21.44)
METAL_1    | (126.505, 69.32)
METAL_1    | (52.305, 55.64)
METAL_1    | (31.905, 41.96)
METAL_1    | (29.705, 89.84)
METAL_1    | (88.105, 96.68)
METAL_1    | (27.905, 89.84)
METAL_1    | (56.8, 66.31)
METAL_1    | (80.6, 114.19)
METAL_1    | (149.7, 110.77)
METAL_1    | (118.7, 124.45)
METAL_1    | (147.7, 42.37)
METAL_1    | (147.1, 59.47)
METAL_1    | (140.3, 59.47)
METAL_1    | (135.1, 97.09)
METAL_1    | (155.5, 49.21)
METAL_1    | (150.5, 32.11)
METAL_1    | (154.3, 32.11)
METAL_1    | (145.5, 93.67)
METAL_1    | (154.9, 93.67)
METAL_1    | (141.7, 93.67)
METAL_1    | (141.3, 100.51)

Found 1392 weakly connected metal segments.

