POWER NET REPORT 
Generated Date: Wed Oct  2 04:18:39 2024
Host Name: item0110.item.uni-bremen.de


==============================
POWER NET 
==============================
Power Net: VDD
Voltage: 1.080
Threshold: 0.972


==============================
POWER-GRID VIEW
==============================
Power-Grid Views Used: 254


==============================
POWER-GRID ATTRIBUTES
==============================
Total Resistor Elements: 8697
    Please refer to ../VDD/grid.gif for more details
Top-level Resistor Elements:8697
Cell Library Resistor Elements: 0
Total Number of Current Taps: 7277
    Please refer to ../VDD/tc.gif for more details


==============================
IR DROP ANALYSIS
==============================
Layer based IR Drop Report: See Report
Minimum, Average, Maximum IR drop: 1.079V 1.079V 1.080V
    Please refer to ../VDD/ir_linear.gif for more details
Total Static Current Loaded: -0.00093425266095437109A
Number of Violations: 0
    Please refer to ../VDD/ir_limit.gif for more details
Minimum, Average, Maximum Vsrc Current: -0.00047810643445700407A, -0.00046712633047718555A, -0.00045614622649736702A


==============================
EFFECTIVE RESISTANCE ANALYSIS
==============================
Minimum, Average, Maximum Reff: 9.81676579, 35.252958260151011, 56.8364029


==============================
CURRENT DENSITY ANALYSIS
==============================
Minimum, Average, Maximum J/Jmax:
Number of Violations: 0
    Please refer to ../DesignOut/run_dir_2/IRDrop/staticRailResults/ALL_125C_avg_1/Reports/VDD/rj.gif for more details


==============================
POWER SWITCH ANALYSIS
==============================
PowerGate Current I/Idsat violations: 
    Please refer to ../DesignOut/run_dir_2/IRDrop/staticRailResults/ALL_125C_avg_1/Reports/VDD/pi.gif for more details
Minimum, Average, Maximum I/Idsat (pi): NA, NA, NA
Minimum, Average, Maximum IRdrop Across PowerGate (pv): 0, 0, 0
Power Switch ECO file for Soc Encounter: 


==============================
PACKAGE ANALYSIS
==============================
Voltage Drop Across Package (vu): NA, NA, NA


==============================
CAPACITANCE ANALYSIS
==============================
Decap Optimization method: area  
Total Coupling Capacitance: NA
    Please refer to ../VDD/dd.gif for more details
Grid Coupling Capacitance: NA
Gate Coupling Capacitance (internal): NA
Loading Coupling Capacitance: NA
Capacitance Offered by Placed Decaps: NA
Additional Capacitance Required: 0.000F
    Please refer to ../VDD/dr.gif for more details
Total Feasible Capacitance: 0.000F
Total Leakage Current of Placed Decaps: 0.000A
Total Leakage Current of ECO Decaps: 0.000A
What-if ECO File:   
SoC Encounter ECO File: ../DesignOut/run_dir_2/IRDrop/staticRailResults/ALL_125C_avg_1//VDD/vs2fe_eco.tcl 


==============================
ADDITIONAL FILES
==============================
Instance Voltage File: ../DesignOut/run_dir_2/IRDrop/staticRailResults/ALL_125C_avg_1/Reports/VDD/VDD.iv
Dynamic IR drop Waveform File (dynamic): 
Effective Instance Voltage File (dynamic): 

Summary: ../DesignOut/run_dir_2/IRDrop/staticRailResults/ALL_125C_avg_1//VDD/results 


